#
# There is insufficient memory for the Java Runtime Environment to continue.
# Native memory allocation (malloc) failed to allocate 921056 bytes for Chunk::new
# Possible reasons:
#   The system is out of physical RAM or swap space
#   In 32 bit mode, the process size limit was hit
# Possible solutions:
#   Reduce memory load on the system
#   Increase physical memory or swap space
#   Check if swap backing store is full
#   Use 64 bit Java on a 64 bit OS
#   Decrease Java heap size (-Xmx/-Xms)
#   Decrease number of Java threads
#   Decrease Java thread stack sizes (-Xss)
#   Set larger code cache with -XX:ReservedCodeCacheSize=
# This output file may be truncated or incomplete.
#
#  Out of Memory Error (allocation.cpp:390), pid=5352, tid=0x0000000000001258
#
# JRE version: OpenJDK Runtime Environment (8.0_152-b06) (build 1.8.0_152-release-1136-b06)
# Java VM: OpenJDK 64-Bit Server VM (25.152-b06 mixed mode windows-amd64 compressed oops)
# Failed to write core dump. Minidumps are not enabled by default on client versions of Windows
#

---------------  T H R E A D  ---------------

Current thread (0x0000000015f64000):  JavaThread "C2 CompilerThread0" daemon [_thread_in_native, id=4696, stack(0x0000000016f80000,0x0000000017080000)]

Stack: [0x0000000016f80000,0x0000000017080000]
[error occurred during error reporting (printing stack bounds), id 0xc0000005]

Native frames: (J=compiled Java code, j=interpreted, Vv=VM code, C=native code)


Current CompileTask:
C2:   5261 1423   !   4       java.net.URLClassLoader$1::run (63 bytes)


---------------  P R O C E S S  ---------------

Java Threads: ( => current thread )
  0x000000001896f000 JavaThread "Cache worker for file hash cache (D:\rafeeq\Companion\.gradle\4.6\fileHashes)" [_thread_blocked, id=880, stack(0x000000001a320000,0x000000001a420000)]
  0x0000000018970000 JavaThread "File lock request listener" [_thread_in_native, id=3384, stack(0x000000001a220000,0x000000001a320000)]
  0x0000000018a45800 JavaThread "Cache worker for file hash cache (C:\Users\user\.gradle\caches\4.6\fileHashes)" [_thread_blocked, id=364, stack(0x000000001a120000,0x000000001a220000)]
  0x00000000186ec800 JavaThread "Stdin handler" [_thread_blocked, id=5284, stack(0x0000000019e20000,0x0000000019f20000)]
  0x00000000186ea000 JavaThread "Asynchronous log dispatcher for DefaultDaemonConnection: socket connection from /127.0.0.1:52407 to /127.0.0.1:52408" [_thread_blocked, id=5908, stack(0x0000000019d20000,0x0000000019e20000)]
  0x00000000186f3000 JavaThread "Daemon worker" [_thread_in_native, id=1268, stack(0x0000000019c20000,0x0000000019d20000)]
  0x00000000186e7800 JavaThread "Cancel handler" [_thread_blocked, id=5868, stack(0x0000000019b20000,0x0000000019c20000)]
  0x000000001865b000 JavaThread "Handler for socket connection from /127.0.0.1:52407 to /127.0.0.1:52408" [_thread_in_native, id=5616, stack(0x0000000019820000,0x0000000019920000)]
  0x0000000018659800 JavaThread "Daemon" [_thread_blocked, id=1704, stack(0x0000000019720000,0x0000000019820000)]
  0x000000001864b000 JavaThread "Daemon periodic checks" [_thread_blocked, id=1736, stack(0x0000000019620000,0x0000000019720000)]
  0x000000001862a800 JavaThread "Incoming local TCP Connector on port 52407" [_thread_in_native, id=4596, stack(0x0000000019430000,0x0000000019530000)]
  0x0000000015fdd000 JavaThread "Service Thread" daemon [_thread_blocked, id=524, stack(0x0000000017180000,0x0000000017280000)]
  0x0000000015f67800 JavaThread "C1 CompilerThread1" daemon [_thread_blocked, id=4328, stack(0x0000000017080000,0x0000000017180000)]
=>0x0000000015f64000 JavaThread "C2 CompilerThread0" daemon [_thread_in_native, id=4696, stack(0x0000000016f80000,0x0000000017080000)]
  0x0000000015f6f800 JavaThread "Attach Listener" daemon [_thread_blocked, id=3720, stack(0x0000000016e80000,0x0000000016f80000)]
  0x0000000015f6e000 JavaThread "Signal Dispatcher" daemon [_thread_blocked, id=5364, stack(0x0000000016d80000,0x0000000016e80000)]
  0x0000000015f50800 JavaThread "Finalizer" daemon [_thread_blocked, id=3692, stack(0x0000000016ba0000,0x0000000016ca0000)]
  0x0000000015f25000 JavaThread "Reference Handler" daemon [_thread_blocked, id=3224, stack(0x0000000016aa0000,0x0000000016ba0000)]
  0x0000000002742800 JavaThread "main" [_thread_blocked, id=4344, stack(0x0000000002640000,0x0000000002740000)]

Other Threads:
  0x0000000015f1d000 VMThread [stack: 0x00000000169a0000,0x0000000016aa0000] [id=5112]
  0x0000000015fe7800 WatcherThread [stack: 0x0000000017280000,0x0000000017380000] [id=4000]

VM state:not at safepoint (normal execution)

VM Mutex/Monitor currently owned by a thread: None

Heap:
 PSYoungGen      total 34304K, used 21776K [0x00000000e0000000, 0x00000000e4a00000, 0x0000000100000000)
  eden space 31744K, 60% used [0x00000000e0000000,0x00000000e12c80f0,0x00000000e1f00000)
  from space 2560K, 99% used [0x00000000e1f00000,0x00000000e217c030,0x00000000e2180000)
  to   space 6144K, 0% used [0x00000000e4400000,0x00000000e4400000,0x00000000e4a00000)
 ParOldGen       total 42496K, used 5867K [0x00000000a0000000, 0x00000000a2980000, 0x00000000e0000000)
  object space 42496K, 13% used [0x00000000a0000000,0x00000000a05baf78,0x00000000a2980000)
 Metaspace       used 15761K, capacity 16080K, committed 16256K, reserved 1062912K
  class space    used 2238K, capacity 2346K, committed 2432K, reserved 1048576K

Card table byte_map: [0x0000000011c00000,0x0000000011f10000] byte_map_base: 0x0000000011700000

Marking Bits: (ParMarkBitMap*) 0x0000000066745aa0
 Begin Bits: [0x0000000012310000, 0x0000000013b10000)
 End Bits:   [0x0000000013b10000, 0x0000000015310000)

Polling page: 0x0000000000c00000

CodeCache: size=245760Kb used=5029Kb max_used=5029Kb free=240730Kb
 bounds [0x0000000002840000, 0x0000000002d30000, 0x0000000011840000]
 total_blobs=1807 nmethods=1435 adapters=286
 compilation: enabled

Compilation events (10 events):
Event: 5.134 Thread 0x0000000015f67800 1433       3       org.objectweb.asm.Item::set (219 bytes)
Event: 5.135 Thread 0x0000000015f67800 nmethod 1433 0x0000000002d29710 code [0x0000000002d298c0, 0x0000000002d29f78]
Event: 5.160 Thread 0x0000000015f67800 1435   !   3       org.gradle.internal.service.DefaultServiceRegistry::getService (33 bytes)
Event: 5.161 Thread 0x0000000015f67800 nmethod 1435 0x0000000002d2a250 code [0x0000000002d2a3e0, 0x0000000002d2a6d8]
Event: 5.192 Thread 0x0000000015f67800 1436   !   3       org.gradle.internal.service.DefaultServiceRegistry$ParentServices::getService (55 bytes)
Event: 5.193 Thread 0x0000000015f67800 nmethod 1436 0x0000000002d2a810 code [0x0000000002d2aa00, 0x0000000002d2b248]
Event: 5.225 Thread 0x0000000015f67800 1437       1       java.util.concurrent.locks.AbstractOwnableSynchronizer::getExclusiveOwnerThread (5 bytes)
Event: 5.225 Thread 0x0000000015f67800 nmethod 1437 0x0000000002d2b590 code [0x0000000002d2b6e0, 0x0000000002d2b7f0]
Event: 5.250 Thread 0x0000000015f67800 1438       3       java.util.jar.Manifest$FastInputStream::fill (38 bytes)
Event: 5.251 Thread 0x0000000015f67800 nmethod 1438 0x0000000002d2b850 code [0x0000000002d2b9c0, 0x0000000002d2bc48]

GC Heap History (10 events):
Event: 1.254 GC heap before
{Heap before GC invocations=1 (full 0):
 PSYoungGen      total 18432K, used 15872K [0x00000000e0000000, 0x00000000e1480000, 0x0000000100000000)
  eden space 15872K, 100% used [0x00000000e0000000,0x00000000e0f80000,0x00000000e0f80000)
  from space 2560K, 0% used [0x00000000e1200000,0x00000000e1200000,0x00000000e1480000)
  to   space 2560K, 0% used [0x00000000e0f80000,0x00000000e0f80000,0x00000000e1200000)
 ParOldGen       total 42496K, used 0K [0x00000000a0000000, 0x00000000a2980000, 0x00000000e0000000)
  object space 42496K, 0% used [0x00000000a0000000,0x00000000a0000000,0x00000000a2980000)
 Metaspace       used 5762K, capacity 5866K, committed 5888K, reserved 1056768K
  class space    used 705K, capacity 747K, committed 768K, reserved 1048576K
Event: 1.263 GC heap after
Heap after GC invocations=1 (full 0):
 PSYoungGen      total 18432K, used 2558K [0x00000000e0000000, 0x00000000e1480000, 0x0000000100000000)
  eden space 15872K, 0% used [0x00000000e0000000,0x00000000e0000000,0x00000000e0f80000)
  from space 2560K, 99% used [0x00000000e0f80000,0x00000000e11ff8a8,0x00000000e1200000)
  to   space 2560K, 0% used [0x00000000e1200000,0x00000000e1200000,0x00000000e1480000)
 ParOldGen       total 42496K, used 146K [0x00000000a0000000, 0x00000000a2980000, 0x00000000e0000000)
  object space 42496K, 0% used [0x00000000a0000000,0x00000000a00249f8,0x00000000a2980000)
 Metaspace       used 5762K, capacity 5866K, committed 5888K, reserved 1056768K
  class space    used 705K, capacity 747K, committed 768K, reserved 1048576K
}
Event: 1.834 GC heap before
{Heap before GC invocations=2 (full 0):
 PSYoungGen      total 18432K, used 18430K [0x00000000e0000000, 0x00000000e1480000, 0x0000000100000000)
  eden space 15872K, 100% used [0x00000000e0000000,0x00000000e0f80000,0x00000000e0f80000)
  from space 2560K, 99% used [0x00000000e0f80000,0x00000000e11ff8a8,0x00000000e1200000)
  to   space 2560K, 0% used [0x00000000e1200000,0x00000000e1200000,0x00000000e1480000)
 ParOldGen       total 42496K, used 146K [0x00000000a0000000, 0x00000000a2980000, 0x00000000e0000000)
  object space 42496K, 0% used [0x00000000a0000000,0x00000000a00249f8,0x00000000a2980000)
 Metaspace       used 6658K, capacity 6766K, committed 7040K, reserved 1056768K
  class space    used 807K, capacity 875K, committed 896K, reserved 1048576K
Event: 1.863 GC heap after
Heap after GC invocations=2 (full 0):
 PSYoungGen      total 18432K, used 2543K [0x00000000e0000000, 0x00000000e2400000, 0x0000000100000000)
  eden space 15872K, 0% used [0x00000000e0000000,0x00000000e0000000,0x00000000e0f80000)
  from space 2560K, 99% used [0x00000000e1200000,0x00000000e147bdb0,0x00000000e1480000)
  to   space 2560K, 0% used [0x00000000e0f80000,0x00000000e0f80000,0x00000000e1200000)
 ParOldGen       total 42496K, used 240K [0x00000000a0000000, 0x00000000a2980000, 0x00000000e0000000)
  object space 42496K, 0% used [0x00000000a0000000,0x00000000a003c068,0x00000000a2980000)
 Metaspace       used 6658K, capacity 6766K, committed 7040K, reserved 1056768K
  class space    used 807K, capacity 875K, committed 896K, reserved 1048576K
}
Event: 2.328 GC heap before
{Heap before GC invocations=3 (full 0):
 PSYoungGen      total 18432K, used 18415K [0x00000000e0000000, 0x00000000e2400000, 0x0000000100000000)
  eden space 15872K, 100% used [0x00000000e0000000,0x00000000e0f80000,0x00000000e0f80000)
  from space 2560K, 99% used [0x00000000e1200000,0x00000000e147bdb0,0x00000000e1480000)
  to   space 2560K, 0% used [0x00000000e0f80000,0x00000000e0f80000,0x00000000e1200000)
 ParOldGen       total 42496K, used 240K [0x00000000a0000000, 0x00000000a2980000, 0x00000000e0000000)
  object space 42496K, 0% used [0x00000000a0000000,0x00000000a003c068,0x00000000a2980000)
 Metaspace       used 6912K, capacity 7016K, committed 7168K, reserved 1056768K
  class space    used 855K, capacity 916K, committed 1024K, reserved 1048576K
Event: 2.335 GC heap after
Heap after GC invocations=3 (full 0):
 PSYoungGen      total 18432K, used 2546K [0x00000000e0000000, 0x00000000e2400000, 0x0000000100000000)
  eden space 15872K, 0% used [0x00000000e0000000,0x00000000e0000000,0x00000000e0f80000)
  from space 2560K, 99% used [0x00000000e0f80000,0x00000000e11fc858,0x00000000e1200000)
  to   space 2560K, 0% used [0x00000000e2180000,0x00000000e2180000,0x00000000e2400000)
 ParOldGen       total 42496K, used 385K [0x00000000a0000000, 0x00000000a2980000, 0x00000000e0000000)
  object space 42496K, 0% used [0x00000000a0000000,0x00000000a0060768,0x00000000a2980000)
 Metaspace       used 6912K, capacity 7016K, committed 7168K, reserved 1056768K
  class space    used 855K, capacity 916K, committed 1024K, reserved 1048576K
}
Event: 3.459 GC heap before
{Heap before GC invocations=4 (full 0):
 PSYoungGen      total 18432K, used 18418K [0x00000000e0000000, 0x00000000e2400000, 0x0000000100000000)
  eden space 15872K, 100% used [0x00000000e0000000,0x00000000e0f80000,0x00000000e0f80000)
  from space 2560K, 99% used [0x00000000e0f80000,0x00000000e11fc858,0x00000000e1200000)
  to   space 2560K, 0% used [0x00000000e2180000,0x00000000e2180000,0x00000000e2400000)
 ParOldGen       total 42496K, used 385K [0x00000000a0000000, 0x00000000a2980000, 0x00000000e0000000)
  object space 42496K, 0% used [0x00000000a0000000,0x00000000a0060768,0x00000000a2980000)
 Metaspace       used 10603K, capacity 10856K, committed 11008K, reserved 1058816K
  class space    used 1385K, capacity 1486K, committed 1536K, reserved 1048576K
Event: 3.472 GC heap after
Heap after GC invocations=4 (full 0):
 PSYoungGen      total 34304K, used 2544K [0x00000000e0000000, 0x00000000e2400000, 0x0000000100000000)
  eden space 31744K, 0% used [0x00000000e0000000,0x00000000e0000000,0x00000000e1f00000)
  from space 2560K, 99% used [0x00000000e2180000,0x00000000e23fc010,0x00000000e2400000)
  to   space 2560K, 0% used [0x00000000e1f00000,0x00000000e1f00000,0x00000000e2180000)
 ParOldGen       total 42496K, used 2338K [0x00000000a0000000, 0x00000000a2980000, 0x00000000e0000000)
  object space 42496K, 5% used [0x00000000a0000000,0x00000000a0248a48,0x00000000a2980000)
 Metaspace       used 10603K, capacity 10856K, committed 11008K, reserved 1058816K
  class space    used 1385K, capacity 1486K, committed 1536K, reserved 1048576K
}
Event: 4.486 GC heap before
{Heap before GC invocations=5 (full 0):
 PSYoungGen      total 34304K, used 34288K [0x00000000e0000000, 0x00000000e2400000, 0x0000000100000000)
  eden space 31744K, 100% used [0x00000000e0000000,0x00000000e1f00000,0x00000000e1f00000)
  from space 2560K, 99% used [0x00000000e2180000,0x00000000e23fc010,0x00000000e2400000)
  to   space 2560K, 0% used [0x00000000e1f00000,0x00000000e1f00000,0x00000000e2180000)
 ParOldGen       total 42496K, used 2338K [0x00000000a0000000, 0x00000000a2980000, 0x00000000e0000000)
  object space 42496K, 5% used [0x00000000a0000000,0x00000000a0248a48,0x00000000a2980000)
 Metaspace       used 13875K, capacity 14192K, committed 14464K, reserved 1060864K
  class space    used 1927K, capacity 2058K, committed 2176K, reserved 1048576K
Event: 4.517 GC heap after
Heap after GC invocations=5 (full 0):
 PSYoungGen      total 34304K, used 2544K [0x00000000e0000000, 0x00000000e4a00000, 0x0000000100000000)
  eden space 31744K, 0% used [0x00000000e0000000,0x00000000e0000000,0x00000000e1f00000)
  from space 2560K, 99% used [0x00000000e1f00000,0x00000000e217c030,0x00000000e2180000)
  to   space 6144K, 0% used [0x00000000e4400000,0x00000000e4400000,0x00000000e4a00000)
 ParOldGen       total 42496K, used 5867K [0x00000000a0000000, 0x00000000a2980000, 0x00000000e0000000)
  object space 42496K, 13% used [0x00000000a0000000,0x00000000a05baf78,0x00000000a2980000)
 Metaspace       used 13875K, capacity 14192K, committed 14464K, reserved 1060864K
  class space    used 1927K, capacity 2058K, committed 2176K, reserved 1048576K
}

Deoptimization events (10 events):
Event: 2.466 Thread 0x0000000002742800 Uncommon trap: reason=bimorphic action=maybe_recompile pc=0x0000000002ad192c method=java.util.HashMap.putVal(ILjava/lang/Object;Ljava/lang/Object;ZZ)Ljava/lang/Object; @ 91
Event: 2.858 Thread 0x0000000002742800 Uncommon trap: reason=bimorphic action=maybe_recompile pc=0x0000000002b7cf70 method=java.util.HashMap.putVal(ILjava/lang/Object;Ljava/lang/Object;ZZ)Ljava/lang/Object; @ 203
Event: 3.051 Thread 0x0000000002742800 Uncommon trap: reason=unstable_if action=reinterpret pc=0x0000000002b0560c method=java.io.WinNTFileSystem.normalize(Ljava/lang/String;)Ljava/lang/String; @ 128
Event: 3.051 Thread 0x0000000002742800 Uncommon trap: reason=unstable_if action=reinterpret pc=0x0000000002b5e918 method=java.io.WinNTFileSystem.normalize(Ljava/lang/String;II)Ljava/lang/String; @ 90
Event: 3.649 Thread 0x000000001865b000 Uncommon trap: reason=unstable_if action=reinterpret pc=0x0000000002c39be0 method=java.util.concurrent.ConcurrentHashMap.putVal(Ljava/lang/Object;Ljava/lang/Object;Z)Ljava/lang/Object; @ 206
Event: 3.867 Thread 0x00000000186f3000 Uncommon trap: reason=bimorphic action=maybe_recompile pc=0x0000000002b7c0f4 method=java.util.HashMap.putVal(ILjava/lang/Object;Ljava/lang/Object;ZZ)Ljava/lang/Object; @ 253
Event: 3.867 Thread 0x00000000186f3000 Uncommon trap: reason=bimorphic action=maybe_recompile pc=0x0000000002b7c0f4 method=java.util.HashMap.putVal(ILjava/lang/Object;Ljava/lang/Object;ZZ)Ljava/lang/Object; @ 253
Event: 4.367 Thread 0x00000000186f3000 Uncommon trap: reason=class_check action=maybe_recompile pc=0x0000000002ab6c9c method=java.util.regex.Matcher.match(II)Z @ 86
Event: 4.368 Thread 0x00000000186f3000 Uncommon trap: reason=class_check action=maybe_recompile pc=0x0000000002ab6c9c method=java.util.regex.Matcher.match(II)Z @ 86
Event: 4.678 Thread 0x00000000186f3000 Uncommon trap: reason=unstable_if action=reinterpret pc=0x0000000002cbfd74 method=java.lang.String.lastIndexOf([CII[CIII)I @ 66

Classes redefined (0 events):
No events

Internal exceptions (10 events):
Event: 3.700 Thread 0x000000001865b000 Exception <a 'java/lang/NoSuchMethodError': <clinit>> (0x00000000e0493d88) thrown at [D:\src\AOSP-openjdk-cygwin\jdk8u\hotspot\src\share\vm\prims\jni.cpp, line 1613]
Event: 3.702 Thread 0x000000001865b000 Exception <a 'java/lang/NoSuchMethodError': <clinit>> (0x00000000e049c850) thrown at [D:\src\AOSP-openjdk-cygwin\jdk8u\hotspot\src\share\vm\prims\jni.cpp, line 1613]
Event: 3.708 Thread 0x000000001865b000 Exception <a 'java/lang/NoSuchMethodError': <clinit>> (0x00000000e04adeb8) thrown at [D:\src\AOSP-openjdk-cygwin\jdk8u\hotspot\src\share\vm\prims\jni.cpp, line 1613]
Event: 3.741 Thread 0x000000001865b000 Exception <a 'java/lang/NoSuchMethodError': <clinit>> (0x00000000e0526ae8) thrown at [D:\src\AOSP-openjdk-cygwin\jdk8u\hotspot\src\share\vm\prims\jni.cpp, line 1613]
Event: 3.761 Thread 0x000000001865b000 Exception <a 'java/lang/NoSuchMethodError': <clinit>> (0x00000000e054b868) thrown at [D:\src\AOSP-openjdk-cygwin\jdk8u\hotspot\src\share\vm\prims\jni.cpp, line 1613]
Event: 3.767 Thread 0x000000001865b000 Exception <a 'java/lang/NoSuchMethodError': <clinit>> (0x00000000e0566150) thrown at [D:\src\AOSP-openjdk-cygwin\jdk8u\hotspot\src\share\vm\prims\jni.cpp, line 1613]
Event: 3.773 Thread 0x000000001865b000 Exception <a 'java/lang/NoSuchMethodError': <clinit>> (0x00000000e0571b70) thrown at [D:\src\AOSP-openjdk-cygwin\jdk8u\hotspot\src\share\vm\prims\jni.cpp, line 1613]
Event: 3.782 Thread 0x000000001865b000 Exception <a 'java/lang/NoSuchMethodError': <clinit>> (0x00000000e0592e18) thrown at [D:\src\AOSP-openjdk-cygwin\jdk8u\hotspot\src\share\vm\prims\jni.cpp, line 1613]
Event: 3.836 Thread 0x00000000186f3000 Exception <a 'java/lang/NoSuchMethodError': <clinit>> (0x00000000e06a53e0) thrown at [D:\src\AOSP-openjdk-cygwin\jdk8u\hotspot\src\share\vm\prims\jni.cpp, line 1613]
Event: 3.840 Thread 0x00000000186f3000 Exception <a 'java/lang/NoSuchMethodError': <clinit>> (0x00000000e06ad668) thrown at [D:\src\AOSP-openjdk-cygwin\jdk8u\hotspot\src\share\vm\prims\jni.cpp, line 1613]

Events (10 events):
Event: 5.249 loading class org/apache/http/client/methods/HttpRequestBase
Event: 5.249 loading class org/apache/http/client/methods/HttpRequestBase done
Event: 5.252 loading class org/apache/http/client/methods/HttpUriRequest
Event: 5.252 loading class org/apache/http/client/methods/HttpUriRequest done
Event: 5.253 loading class org/apache/http/HttpRequest
Event: 5.253 loading class org/apache/http/HttpRequest done
Event: 5.253 loading class org/apache/http/HttpMessage
Event: 5.253 loading class org/apache/http/HttpMessage done
Event: 5.254 loading class org/apache/http/client/methods/Configurable
Event: 5.254 loading class org/apache/http/client/methods/Configurable done


Dynamic libraries:
0x00007ff6795b0000 - 0x00007ff6795e1000 	C:\Program Files\Android\Android Studio\jre\bin\java.exe
0x00007ff8be0f0000 - 0x00007ff8be299000 	C:\Windows\SYSTEM32\ntdll.dll
0x00007ff8bdcc0000 - 0x00007ff8bddfa000 	C:\Windows\system32\KERNEL32.DLL
0x00007ff8bb540000 - 0x00007ff8bb64f000 	C:\Windows\system32\KERNELBASE.dll
0x00007ff8bd8d0000 - 0x00007ff8bd975000 	C:\Windows\system32\ADVAPI32.dll
0x00007ff8bd2c0000 - 0x00007ff8bd431000 	C:\Windows\system32\USER32.dll
0x00007ff8b8fe0000 - 0x00007ff8b923a000 	C:\Windows\WinSxS\amd64_microsoft.windows.common-controls_6595b64144ccf1df_6.0.9600.16384_none_62475f7becb72503\COMCTL32.dll
0x00007ff8bd5b0000 - 0x00007ff8bd657000 	C:\Windows\system32\msvcrt.dll
0x00007ff8bde00000 - 0x00007ff8bde57000 	C:\Windows\SYSTEM32\sechost.dll
0x00007ff8bd180000 - 0x00007ff8bd2b6000 	C:\Windows\system32\RPCRT4.dll
0x00007ff8bd990000 - 0x00007ff8bdad5000 	C:\Windows\system32\GDI32.dll
0x00007ff8bba40000 - 0x00007ff8bba74000 	C:\Windows\system32\IMM32.DLL
0x00007ff8bd440000 - 0x00007ff8bd579000 	C:\Windows\system32\MSCTF.dll
0x0000000066ca0000 - 0x0000000066d72000 	C:\Program Files\Android\Android Studio\jre\jre\bin\msvcr100.dll
0x0000000065f80000 - 0x00000000667c1000 	C:\Program Files\Android\Android Studio\jre\jre\bin\server\jvm.dll
0x00007ff8b33f0000 - 0x00007ff8b33f9000 	C:\Windows\SYSTEM32\WSOCK32.dll
0x00007ff8a6e50000 - 0x00007ff8a6e6f000 	C:\Windows\SYSTEM32\WINMM.dll
0x00007ff8b0f40000 - 0x00007ff8b0f4a000 	C:\Windows\SYSTEM32\VERSION.dll
0x00007ff8bd580000 - 0x00007ff8bd587000 	C:\Windows\system32\PSAPI.DLL
0x00007ff8bcf40000 - 0x00007ff8bcf98000 	C:\Windows\system32\WS2_32.dll
0x00007ff8a6e20000 - 0x00007ff8a6e4a000 	C:\Windows\SYSTEM32\WINMMBASE.dll
0x00007ff8bd980000 - 0x00007ff8bd989000 	C:\Windows\system32\NSI.dll
0x00007ff8bb930000 - 0x00007ff8bb97a000 	C:\Windows\SYSTEM32\cfgmgr32.dll
0x00007ff8ba300000 - 0x00007ff8ba326000 	C:\Windows\SYSTEM32\DEVOBJ.dll
0x00007ff8b7b70000 - 0x00007ff8b7b7f000 	C:\Program Files\Android\Android Studio\jre\jre\bin\verify.dll
0x00007ff8b4130000 - 0x00007ff8b4159000 	C:\Program Files\Android\Android Studio\jre\jre\bin\java.dll
0x00007ff8b7b30000 - 0x00007ff8b7b46000 	C:\Program Files\Android\Android Studio\jre\jre\bin\zip.dll
0x00007ff8bba80000 - 0x00007ff8bce8e000 	C:\Windows\system32\SHELL32.dll
0x00007ff8bde60000 - 0x00007ff8be037000 	C:\Windows\SYSTEM32\combase.dll
0x00007ff8bd120000 - 0x00007ff8bd171000 	C:\Windows\system32\SHLWAPI.dll
0x00007ff8b9ac0000 - 0x00007ff8b9b61000 	C:\Windows\SYSTEM32\SHCORE.dll
0x00007ff8bb470000 - 0x00007ff8bb484000 	C:\Windows\SYSTEM32\profapi.dll
0x00007ff8b4110000 - 0x00007ff8b412a000 	C:\Program Files\Android\Android Studio\jre\jre\bin\net.dll
0x00007ff8babb0000 - 0x00007ff8bac08000 	C:\Windows\system32\mswsock.dll
0x00007ff8b3af0000 - 0x00007ff8b3b01000 	C:\Program Files\Android\Android Studio\jre\jre\bin\nio.dll
0x00007ff8b3b50000 - 0x00007ff8b3b6e000 	C:\Users\user\.gradle\native\25\windows-amd64\native-platform.dll
0x00007ff8b67d0000 - 0x00007ff8b67dd000 	C:\Program Files\Android\Android Studio\jre\jre\bin\management.dll
0x00007ff8bacf0000 - 0x00007ff8bad0e000 	C:\Windows\SYSTEM32\CRYPTSP.dll
0x00007ff8ba920000 - 0x00007ff8ba955000 	C:\Windows\system32\rsaenh.dll
0x00007ff8baf20000 - 0x00007ff8baf46000 	C:\Windows\SYSTEM32\bcrypt.dll
0x00007ff8bad20000 - 0x00007ff8bad3f000 	C:\Windows\SYSTEM32\USERENV.dll
0x00007ff8bb280000 - 0x00007ff8bb2de000 	C:\Windows\system32\bcryptprimitives.dll
0x00007ff8bb2e0000 - 0x00007ff8bb2ea000 	C:\Windows\SYSTEM32\CRYPTBASE.dll
0x00007ff8b5b80000 - 0x00007ff8b5ba9000 	C:\Windows\SYSTEM32\IPHLPAPI.DLL
0x00007ff8b5b10000 - 0x00007ff8b5b1a000 	C:\Windows\SYSTEM32\WINNSI.DLL
0x00007ff8b5680000 - 0x00007ff8b5694000 	C:\Windows\SYSTEM32\dhcpcsvc6.DLL
0x00007ff8b5660000 - 0x00007ff8b5679000 	C:\Windows\SYSTEM32\dhcpcsvc.DLL

VM Arguments:
jvm_args: -Xmx1536m -Dfile.encoding=windows-1252 -Duser.country=US -Duser.language=en -Duser.variant 
java_command: org.gradle.launcher.daemon.bootstrap.GradleDaemon 4.6
java_class_path (initial): C:\Users\user\.gradle\wrapper\dists\gradle-4.6-all\bcst21l2brirad8k2ben1letg\gradle-4.6\lib\gradle-launcher-4.6.jar
Launcher Type: SUN_STANDARD

Environment Variables:
PATH=C:\Program Files (x86)\Common Files\Oracle\Java\javapath;C:\Windows\system32;C:\Windows;C:\Windows\System32\Wbem;C:\Windows\System32\WindowsPowerShell\v1.0\
USERNAME=user
OS=Windows_NT
PROCESSOR_IDENTIFIER=Intel64 Family 6 Model 76 Stepping 4, GenuineIntel



---------------  S Y S T E M  ---------------

OS: Windows 8.1 , 64 bit Build 9600 (6.3.9600.16384)

CPU:total 2 (initial active 2) (2 cores per cpu, 1 threads per core) family 6 model 76 stepping 4, cmov, cx8, fxsr, mmx, sse, sse2, sse3, ssse3, sse4.1, sse4.2, popcnt, aes, clmul, erms, 3dnowpref, tsc, tscinvbit

Memory: 4k page, physical 4037340k(594928k free), swap 4846640k(5600k free)

vm_info: OpenJDK 64-Bit Server VM (25.152-b06) for windows-amd64 JRE (1.8.0_152-release-1136-b06), built by "builder" with MS VC++ 10.0 (VS2010)

time: Mon Sep 09 06:41:55 2019
elapsed time: 5 seconds (0d 0h 0m 5s)

