#
# There is insufficient memory for the Java Runtime Environment to continue.
# Native memory allocation (malloc) failed to allocate 262160 bytes for Chunk::new
# Possible reasons:
#   The system is out of physical RAM or swap space
#   In 32 bit mode, the process size limit was hit
# Possible solutions:
#   Reduce memory load on the system
#   Increase physical memory or swap space
#   Check if swap backing store is full
#   Use 64 bit Java on a 64 bit OS
#   Decrease Java heap size (-Xmx/-Xms)
#   Decrease number of Java threads
#   Decrease Java thread stack sizes (-Xss)
#   Set larger code cache with -XX:ReservedCodeCacheSize=
# This output file may be truncated or incomplete.
#
#  Out of Memory Error (allocation.cpp:390), pid=1540, tid=0x0000000000001650
#
# JRE version: OpenJDK Runtime Environment (8.0_152-b06) (build 1.8.0_152-release-1136-b06)
# Java VM: OpenJDK 64-Bit Server VM (25.152-b06 mixed mode windows-amd64 compressed oops)
# Failed to write core dump. Minidumps are not enabled by default on client versions of Windows
#

---------------  T H R E A D  ---------------

Current thread (0x00000000159f4000):  JavaThread "C2 CompilerThread0" daemon [_thread_in_native, id=5712, stack(0x0000000016a10000,0x0000000016b10000)]

Stack: [0x0000000016a10000,0x0000000016b10000]
[error occurred during error reporting (printing stack bounds), id 0xc0000005]

Native frames: (J=compiled Java code, j=interpreted, Vv=VM code, C=native code)


Current CompileTask:
C2:   4992 1422       4       java.net.URLClassLoader$1::run (5 bytes)


---------------  P R O C E S S  ---------------

Java Threads: ( => current thread )
  0x0000000018603000 JavaThread "Cache worker for file hash cache (D:\rafeeq\Companion\.gradle\4.6\fileHashes)" [_thread_blocked, id=5548, stack(0x0000000019db0000,0x0000000019eb0000)]
  0x00000000184a0800 JavaThread "File lock request listener" [_thread_in_native, id=5104, stack(0x0000000019cb0000,0x0000000019db0000)]
  0x00000000185a5800 JavaThread "Cache worker for file hash cache (C:\Users\user\.gradle\caches\4.6\fileHashes)" [_thread_blocked, id=4648, stack(0x0000000019bb0000,0x0000000019cb0000)]
  0x0000000018253800 JavaThread "Stdin handler" [_thread_blocked, id=4976, stack(0x00000000198b0000,0x00000000199b0000)]
  0x0000000018268800 JavaThread "Asynchronous log dispatcher for DefaultDaemonConnection: socket connection from /127.0.0.1:52327 to /127.0.0.1:52328" [_thread_blocked, id=5424, stack(0x00000000197b0000,0x00000000198b0000)]
  0x0000000018269800 JavaThread "Daemon worker" [_thread_in_vm, id=4776, stack(0x00000000196b0000,0x00000000197b0000)]
  0x000000001823c800 JavaThread "Cancel handler" [_thread_blocked, id=2404, stack(0x00000000195b0000,0x00000000196b0000)]
  0x0000000018382800 JavaThread "Handler for socket connection from /127.0.0.1:52327 to /127.0.0.1:52328" [_thread_in_native, id=1236, stack(0x00000000192b0000,0x00000000193b0000)]
  0x00000000180c8800 JavaThread "Daemon" [_thread_blocked, id=1272, stack(0x00000000191b0000,0x00000000192b0000)]
  0x00000000180ca800 JavaThread "Daemon periodic checks" [_thread_blocked, id=5748, stack(0x00000000190b0000,0x00000000191b0000)]
  0x0000000018078800 JavaThread "Incoming local TCP Connector on port 52327" [_thread_in_native, id=2856, stack(0x0000000018ec0000,0x0000000018fc0000)]
  0x0000000015a52000 JavaThread "Service Thread" daemon [_thread_blocked, id=132, stack(0x0000000016c10000,0x0000000016d10000)]
  0x0000000015a4e800 JavaThread "C1 CompilerThread1" daemon [_thread_in_native, id=2976, stack(0x0000000016b10000,0x0000000016c10000)]
=>0x00000000159f4000 JavaThread "C2 CompilerThread0" daemon [_thread_in_native, id=5712, stack(0x0000000016a10000,0x0000000016b10000)]
  0x00000000159ff800 JavaThread "Attach Listener" daemon [_thread_blocked, id=1752, stack(0x0000000016910000,0x0000000016a10000)]
  0x00000000159fe000 JavaThread "Signal Dispatcher" daemon [_thread_blocked, id=5116, stack(0x0000000016810000,0x0000000016910000)]
  0x00000000159e0800 JavaThread "Finalizer" daemon [_thread_blocked, id=1492, stack(0x0000000016630000,0x0000000016730000)]
  0x00000000159b5000 JavaThread "Reference Handler" daemon [_thread_blocked, id=4148, stack(0x0000000016530000,0x0000000016630000)]
  0x00000000021d2800 JavaThread "main" [_thread_blocked, id=5944, stack(0x0000000002080000,0x0000000002180000)]

Other Threads:
  0x00000000159ad000 VMThread [stack: 0x0000000016430000,0x0000000016530000] [id=4656]
  0x0000000015a54800 WatcherThread [stack: 0x0000000016d10000,0x0000000016e10000] [id=88]

VM state:not at safepoint (normal execution)

VM Mutex/Monitor currently owned by a thread: None

Heap:
 PSYoungGen      total 34304K, used 15937K [0x00000000e0000000, 0x00000000e4a00000, 0x0000000100000000)
  eden space 31744K, 42% used [0x00000000e0000000,0x00000000e0d184b0,0x00000000e1f00000)
  from space 2560K, 98% used [0x00000000e1f00000,0x00000000e2178040,0x00000000e2180000)
  to   space 6144K, 0% used [0x00000000e4400000,0x00000000e4400000,0x00000000e4a00000)
 ParOldGen       total 42496K, used 5969K [0x00000000a0000000, 0x00000000a2980000, 0x00000000e0000000)
  object space 42496K, 14% used [0x00000000a0000000,0x00000000a05d4410,0x00000000a2980000)
 Metaspace       used 15185K, capacity 15568K, committed 15616K, reserved 1062912K
  class space    used 2145K, capacity 2282K, committed 2304K, reserved 1048576K

Card table byte_map: [0x0000000011690000,0x00000000119a0000] byte_map_base: 0x0000000011190000

Marking Bits: (ParMarkBitMap*) 0x0000000066745aa0
 Begin Bits: [0x0000000011da0000, 0x00000000135a0000)
 End Bits:   [0x00000000135a0000, 0x0000000014da0000)

Polling page: 0x0000000002050000

CodeCache: size=245760Kb used=5071Kb max_used=5071Kb free=240688Kb
 bounds [0x00000000022d0000, 0x00000000027d0000, 0x00000000112d0000]
 total_blobs=1799 nmethods=1428 adapters=285
 compilation: enabled

Compilation events (10 events):
Event: 4.948 Thread 0x0000000015a4e800 1423       3       org.gradle.internal.service.DefaultServiceRegistry$SingletonService::get (5 bytes)
Event: 4.948 Thread 0x0000000015a4e800 nmethod 1423 0x00000000027c0910 code [0x00000000027c0a80, 0x00000000027c0c88]
Event: 4.953 Thread 0x0000000015a4e800 1424   !   3       org.gradle.internal.classloader.TransformingClassLoader::findClass (203 bytes)
Event: 4.957 Thread 0x0000000015a4e800 nmethod 1424 0x00000000027c1290 code [0x00000000027c16e0, 0x00000000027c3eb8]
Event: 4.957 Thread 0x0000000015a4e800 1425       3       org.gradle.initialization.MixInLegacyTypesClassLoader::shouldTransform (42 bytes)
Event: 4.958 Thread 0x0000000015a4e800 nmethod 1425 0x00000000027c0190 code [0x00000000027c0320, 0x00000000027c0778]
Event: 4.966 Thread 0x0000000015a4e800 1427       3       java.io.WinNTFileSystem::parentOrNull (171 bytes)
Event: 4.967 Thread 0x0000000015a4e800 nmethod 1427 0x00000000027beb50 code [0x00000000027bed80, 0x00000000027bfbd8]
Event: 4.984 Thread 0x0000000015a4e800 1428       3       java.nio.HeapByteBuffer::ix (7 bytes)
Event: 4.984 Thread 0x0000000015a4e800 nmethod 1428 0x00000000027be650 code [0x00000000027be7a0, 0x00000000027be8f0]

GC Heap History (10 events):
Event: 1.322 GC heap before
{Heap before GC invocations=1 (full 0):
 PSYoungGen      total 18432K, used 15872K [0x00000000e0000000, 0x00000000e1480000, 0x0000000100000000)
  eden space 15872K, 100% used [0x00000000e0000000,0x00000000e0f80000,0x00000000e0f80000)
  from space 2560K, 0% used [0x00000000e1200000,0x00000000e1200000,0x00000000e1480000)
  to   space 2560K, 0% used [0x00000000e0f80000,0x00000000e0f80000,0x00000000e1200000)
 ParOldGen       total 42496K, used 0K [0x00000000a0000000, 0x00000000a2980000, 0x00000000e0000000)
  object space 42496K, 0% used [0x00000000a0000000,0x00000000a0000000,0x00000000a2980000)
 Metaspace       used 5773K, capacity 5934K, committed 6144K, reserved 1056768K
  class space    used 705K, capacity 747K, committed 768K, reserved 1048576K
Event: 1.331 GC heap after
Heap after GC invocations=1 (full 0):
 PSYoungGen      total 18432K, used 2540K [0x00000000e0000000, 0x00000000e1480000, 0x0000000100000000)
  eden space 15872K, 0% used [0x00000000e0000000,0x00000000e0000000,0x00000000e0f80000)
  from space 2560K, 99% used [0x00000000e0f80000,0x00000000e11fb090,0x00000000e1200000)
  to   space 2560K, 0% used [0x00000000e1200000,0x00000000e1200000,0x00000000e1480000)
 ParOldGen       total 42496K, used 237K [0x00000000a0000000, 0x00000000a2980000, 0x00000000e0000000)
  object space 42496K, 0% used [0x00000000a0000000,0x00000000a003b720,0x00000000a2980000)
 Metaspace       used 5773K, capacity 5934K, committed 6144K, reserved 1056768K
  class space    used 705K, capacity 747K, committed 768K, reserved 1048576K
}
Event: 1.886 GC heap before
{Heap before GC invocations=2 (full 0):
 PSYoungGen      total 18432K, used 18412K [0x00000000e0000000, 0x00000000e1480000, 0x0000000100000000)
  eden space 15872K, 100% used [0x00000000e0000000,0x00000000e0f80000,0x00000000e0f80000)
  from space 2560K, 99% used [0x00000000e0f80000,0x00000000e11fb090,0x00000000e1200000)
  to   space 2560K, 0% used [0x00000000e1200000,0x00000000e1200000,0x00000000e1480000)
 ParOldGen       total 42496K, used 237K [0x00000000a0000000, 0x00000000a2980000, 0x00000000e0000000)
  object space 42496K, 0% used [0x00000000a0000000,0x00000000a003b720,0x00000000a2980000)
 Metaspace       used 6656K, capacity 6766K, committed 7040K, reserved 1056768K
  class space    used 807K, capacity 875K, committed 896K, reserved 1048576K
Event: 1.906 GC heap after
Heap after GC invocations=2 (full 0):
 PSYoungGen      total 18432K, used 2528K [0x00000000e0000000, 0x00000000e2400000, 0x0000000100000000)
  eden space 15872K, 0% used [0x00000000e0000000,0x00000000e0000000,0x00000000e0f80000)
  from space 2560K, 98% used [0x00000000e1200000,0x00000000e1478340,0x00000000e1480000)
  to   space 2560K, 0% used [0x00000000e0f80000,0x00000000e0f80000,0x00000000e1200000)
 ParOldGen       total 42496K, used 335K [0x00000000a0000000, 0x00000000a2980000, 0x00000000e0000000)
  object space 42496K, 0% used [0x00000000a0000000,0x00000000a0053da8,0x00000000a2980000)
 Metaspace       used 6656K, capacity 6766K, committed 7040K, reserved 1056768K
  class space    used 807K, capacity 875K, committed 896K, reserved 1048576K
}
Event: 2.378 GC heap before
{Heap before GC invocations=3 (full 0):
 PSYoungGen      total 18432K, used 18400K [0x00000000e0000000, 0x00000000e2400000, 0x0000000100000000)
  eden space 15872K, 100% used [0x00000000e0000000,0x00000000e0f80000,0x00000000e0f80000)
  from space 2560K, 98% used [0x00000000e1200000,0x00000000e1478340,0x00000000e1480000)
  to   space 2560K, 0% used [0x00000000e0f80000,0x00000000e0f80000,0x00000000e1200000)
 ParOldGen       total 42496K, used 335K [0x00000000a0000000, 0x00000000a2980000, 0x00000000e0000000)
  object space 42496K, 0% used [0x00000000a0000000,0x00000000a0053da8,0x00000000a2980000)
 Metaspace       used 6911K, capacity 7016K, committed 7168K, reserved 1056768K
  class space    used 855K, capacity 916K, committed 1024K, reserved 1048576K
Event: 2.385 GC heap after
Heap after GC invocations=3 (full 0):
 PSYoungGen      total 18432K, used 2547K [0x00000000e0000000, 0x00000000e2400000, 0x0000000100000000)
  eden space 15872K, 0% used [0x00000000e0000000,0x00000000e0000000,0x00000000e0f80000)
  from space 2560K, 99% used [0x00000000e0f80000,0x00000000e11fce10,0x00000000e1200000)
  to   space 2560K, 0% used [0x00000000e2180000,0x00000000e2180000,0x00000000e2400000)
 ParOldGen       total 42496K, used 502K [0x00000000a0000000, 0x00000000a2980000, 0x00000000e0000000)
  object space 42496K, 1% used [0x00000000a0000000,0x00000000a007dac8,0x00000000a2980000)
 Metaspace       used 6911K, capacity 7016K, committed 7168K, reserved 1056768K
  class space    used 855K, capacity 916K, committed 1024K, reserved 1048576K
}
Event: 3.437 GC heap before
{Heap before GC invocations=4 (full 0):
 PSYoungGen      total 18432K, used 18419K [0x00000000e0000000, 0x00000000e2400000, 0x0000000100000000)
  eden space 15872K, 100% used [0x00000000e0000000,0x00000000e0f80000,0x00000000e0f80000)
  from space 2560K, 99% used [0x00000000e0f80000,0x00000000e11fce10,0x00000000e1200000)
  to   space 2560K, 0% used [0x00000000e2180000,0x00000000e2180000,0x00000000e2400000)
 ParOldGen       total 42496K, used 502K [0x00000000a0000000, 0x00000000a2980000, 0x00000000e0000000)
  object space 42496K, 1% used [0x00000000a0000000,0x00000000a007dac8,0x00000000a2980000)
 Metaspace       used 10592K, capacity 10856K, committed 11008K, reserved 1058816K
  class space    used 1384K, capacity 1486K, committed 1536K, reserved 1048576K
Event: 3.450 GC heap after
Heap after GC invocations=4 (full 0):
 PSYoungGen      total 34304K, used 2560K [0x00000000e0000000, 0x00000000e2400000, 0x0000000100000000)
  eden space 31744K, 0% used [0x00000000e0000000,0x00000000e0000000,0x00000000e1f00000)
  from space 2560K, 100% used [0x00000000e2180000,0x00000000e2400000,0x00000000e2400000)
  to   space 2560K, 0% used [0x00000000e1f00000,0x00000000e1f00000,0x00000000e2180000)
 ParOldGen       total 42496K, used 2429K [0x00000000a0000000, 0x00000000a2980000, 0x00000000e0000000)
  object space 42496K, 5% used [0x00000000a0000000,0x00000000a025f4b8,0x00000000a2980000)
 Metaspace       used 10592K, capacity 10856K, committed 11008K, reserved 1058816K
  class space    used 1384K, capacity 1486K, committed 1536K, reserved 1048576K
}
Event: 4.494 GC heap before
{Heap before GC invocations=5 (full 0):
 PSYoungGen      total 34304K, used 34304K [0x00000000e0000000, 0x00000000e2400000, 0x0000000100000000)
  eden space 31744K, 100% used [0x00000000e0000000,0x00000000e1f00000,0x00000000e1f00000)
  from space 2560K, 100% used [0x00000000e2180000,0x00000000e2400000,0x00000000e2400000)
  to   space 2560K, 0% used [0x00000000e1f00000,0x00000000e1f00000,0x00000000e2180000)
 ParOldGen       total 42496K, used 2429K [0x00000000a0000000, 0x00000000a2980000, 0x00000000e0000000)
  object space 42496K, 5% used [0x00000000a0000000,0x00000000a025f4b8,0x00000000a2980000)
 Metaspace       used 13873K, capacity 14192K, committed 14464K, reserved 1060864K
  class space    used 1925K, capacity 2058K, committed 2176K, reserved 1048576K
Event: 4.556 GC heap after
Heap after GC invocations=5 (full 0):
 PSYoungGen      total 34304K, used 2528K [0x00000000e0000000, 0x00000000e4a00000, 0x0000000100000000)
  eden space 31744K, 0% used [0x00000000e0000000,0x00000000e0000000,0x00000000e1f00000)
  from space 2560K, 98% used [0x00000000e1f00000,0x00000000e2178040,0x00000000e2180000)
  to   space 6144K, 0% used [0x00000000e4400000,0x00000000e4400000,0x00000000e4a00000)
 ParOldGen       total 42496K, used 5969K [0x00000000a0000000, 0x00000000a2980000, 0x00000000e0000000)
  object space 42496K, 14% used [0x00000000a0000000,0x00000000a05d4410,0x00000000a2980000)
 Metaspace       used 13873K, capacity 14192K, committed 14464K, reserved 1060864K
  class space    used 1925K, capacity 2058K, committed 2176K, reserved 1048576K
}

Deoptimization events (10 events):
Event: 2.506 Thread 0x00000000021d2800 Uncommon trap: reason=bimorphic action=maybe_recompile pc=0x000000000255fd3c method=java.util.HashMap.putVal(ILjava/lang/Object;Ljava/lang/Object;ZZ)Ljava/lang/Object; @ 91
Event: 2.892 Thread 0x00000000021d2800 Uncommon trap: reason=bimorphic action=maybe_recompile pc=0x0000000002615d40 method=java.util.HashMap.putVal(ILjava/lang/Object;Ljava/lang/Object;ZZ)Ljava/lang/Object; @ 203
Event: 3.064 Thread 0x00000000021d2800 Uncommon trap: reason=unstable_if action=reinterpret pc=0x0000000002590cdc method=java.io.WinNTFileSystem.normalize(Ljava/lang/String;)Ljava/lang/String; @ 128
Event: 3.065 Thread 0x00000000021d2800 Uncommon trap: reason=unstable_if action=reinterpret pc=0x00000000025f92ac method=java.io.WinNTFileSystem.normalize(Ljava/lang/String;II)Ljava/lang/String; @ 90
Event: 3.694 Thread 0x0000000018382800 Uncommon trap: reason=unstable_if action=reinterpret pc=0x00000000026d5270 method=java.util.concurrent.ConcurrentHashMap.putVal(Ljava/lang/Object;Ljava/lang/Object;Z)Ljava/lang/Object; @ 206
Event: 3.904 Thread 0x0000000018269800 Uncommon trap: reason=bimorphic action=maybe_recompile pc=0x0000000002614e78 method=java.util.HashMap.putVal(ILjava/lang/Object;Ljava/lang/Object;ZZ)Ljava/lang/Object; @ 253
Event: 3.905 Thread 0x0000000018269800 Uncommon trap: reason=bimorphic action=maybe_recompile pc=0x0000000002614e78 method=java.util.HashMap.putVal(ILjava/lang/Object;Ljava/lang/Object;ZZ)Ljava/lang/Object; @ 253
Event: 4.388 Thread 0x0000000018269800 Uncommon trap: reason=class_check action=maybe_recompile pc=0x00000000025453dc method=java.util.regex.Matcher.match(II)Z @ 86
Event: 4.389 Thread 0x0000000018269800 Uncommon trap: reason=class_check action=maybe_recompile pc=0x00000000025453dc method=java.util.regex.Matcher.match(II)Z @ 86
Event: 4.700 Thread 0x0000000018269800 Uncommon trap: reason=unstable_if action=reinterpret pc=0x00000000027615b4 method=java.lang.String.lastIndexOf([CII[CIII)I @ 66

Classes redefined (0 events):
No events

Internal exceptions (10 events):
Event: 3.744 Thread 0x0000000018382800 Exception <a 'java/lang/NoSuchMethodError': <clinit>> (0x00000000e04925e0) thrown at [D:\src\AOSP-openjdk-cygwin\jdk8u\hotspot\src\share\vm\prims\jni.cpp, line 1613]
Event: 3.746 Thread 0x0000000018382800 Exception <a 'java/lang/NoSuchMethodError': <clinit>> (0x00000000e049b0a8) thrown at [D:\src\AOSP-openjdk-cygwin\jdk8u\hotspot\src\share\vm\prims\jni.cpp, line 1613]
Event: 3.750 Thread 0x0000000018382800 Exception <a 'java/lang/NoSuchMethodError': <clinit>> (0x00000000e04ac710) thrown at [D:\src\AOSP-openjdk-cygwin\jdk8u\hotspot\src\share\vm\prims\jni.cpp, line 1613]
Event: 3.783 Thread 0x0000000018382800 Exception <a 'java/lang/NoSuchMethodError': <clinit>> (0x00000000e05253e0) thrown at [D:\src\AOSP-openjdk-cygwin\jdk8u\hotspot\src\share\vm\prims\jni.cpp, line 1613]
Event: 3.802 Thread 0x0000000018382800 Exception <a 'java/lang/NoSuchMethodError': <clinit>> (0x00000000e054a180) thrown at [D:\src\AOSP-openjdk-cygwin\jdk8u\hotspot\src\share\vm\prims\jni.cpp, line 1613]
Event: 3.808 Thread 0x0000000018382800 Exception <a 'java/lang/NoSuchMethodError': <clinit>> (0x00000000e0564a48) thrown at [D:\src\AOSP-openjdk-cygwin\jdk8u\hotspot\src\share\vm\prims\jni.cpp, line 1613]
Event: 3.815 Thread 0x0000000018382800 Exception <a 'java/lang/NoSuchMethodError': <clinit>> (0x00000000e0570448) thrown at [D:\src\AOSP-openjdk-cygwin\jdk8u\hotspot\src\share\vm\prims\jni.cpp, line 1613]
Event: 3.823 Thread 0x0000000018382800 Exception <a 'java/lang/NoSuchMethodError': <clinit>> (0x00000000e05916f0) thrown at [D:\src\AOSP-openjdk-cygwin\jdk8u\hotspot\src\share\vm\prims\jni.cpp, line 1613]
Event: 3.875 Thread 0x0000000018269800 Exception <a 'java/lang/NoSuchMethodError': <clinit>> (0x00000000e06a3ae8) thrown at [D:\src\AOSP-openjdk-cygwin\jdk8u\hotspot\src\share\vm\prims\jni.cpp, line 1613]
Event: 3.880 Thread 0x0000000018269800 Exception <a 'java/lang/NoSuchMethodError': <clinit>> (0x00000000e06abd70) thrown at [D:\src\AOSP-openjdk-cygwin\jdk8u\hotspot\src\share\vm\prims\jni.cpp, line 1613]

Events (10 events):
Event: 4.985 loading class java/lang/reflect/GenericArrayType
Event: 4.985 loading class java/lang/reflect/GenericArrayType done
Event: 4.985 loading class sun/reflect/annotation/AnnotationType$1
Event: 4.986 loading class sun/reflect/annotation/AnnotationType$1 done
Event: 4.986 loading class java/lang/annotation/Retention
Event: 4.986 loading class java/lang/annotation/Retention done
Event: 4.986 loading class java/lang/annotation/Documented
Event: 4.986 loading class java/lang/annotation/Documented done
Event: 4.986 loading class java/lang/annotation/RetentionPolicy
Event: 4.986 loading class java/lang/annotation/RetentionPolicy done


Dynamic libraries:
0x00007ff6050f0000 - 0x00007ff605121000 	C:\Program Files\Android\Android Studio\jre\bin\java.exe
0x00007ff8be0f0000 - 0x00007ff8be299000 	C:\Windows\SYSTEM32\ntdll.dll
0x00007ff8bdcc0000 - 0x00007ff8bddfa000 	C:\Windows\system32\KERNEL32.DLL
0x00007ff8bb540000 - 0x00007ff8bb64f000 	C:\Windows\system32\KERNELBASE.dll
0x00007ff8bd8d0000 - 0x00007ff8bd975000 	C:\Windows\system32\ADVAPI32.dll
0x00007ff8bd2c0000 - 0x00007ff8bd431000 	C:\Windows\system32\USER32.dll
0x00007ff8b8fe0000 - 0x00007ff8b923a000 	C:\Windows\WinSxS\amd64_microsoft.windows.common-controls_6595b64144ccf1df_6.0.9600.16384_none_62475f7becb72503\COMCTL32.dll
0x00007ff8bd5b0000 - 0x00007ff8bd657000 	C:\Windows\system32\msvcrt.dll
0x00007ff8bde00000 - 0x00007ff8bde57000 	C:\Windows\SYSTEM32\sechost.dll
0x00007ff8bd180000 - 0x00007ff8bd2b6000 	C:\Windows\system32\RPCRT4.dll
0x00007ff8bd990000 - 0x00007ff8bdad5000 	C:\Windows\system32\GDI32.dll
0x00007ff8bba40000 - 0x00007ff8bba74000 	C:\Windows\system32\IMM32.DLL
0x00007ff8bd440000 - 0x00007ff8bd579000 	C:\Windows\system32\MSCTF.dll
0x0000000066ca0000 - 0x0000000066d72000 	C:\Program Files\Android\Android Studio\jre\jre\bin\msvcr100.dll
0x0000000065f80000 - 0x00000000667c1000 	C:\Program Files\Android\Android Studio\jre\jre\bin\server\jvm.dll
0x00007ff8b33f0000 - 0x00007ff8b33f9000 	C:\Windows\SYSTEM32\WSOCK32.dll
0x00007ff8a6e50000 - 0x00007ff8a6e6f000 	C:\Windows\SYSTEM32\WINMM.dll
0x00007ff8b0f40000 - 0x00007ff8b0f4a000 	C:\Windows\SYSTEM32\VERSION.dll
0x00007ff8bd580000 - 0x00007ff8bd587000 	C:\Windows\system32\PSAPI.DLL
0x00007ff8bcf40000 - 0x00007ff8bcf98000 	C:\Windows\system32\WS2_32.dll
0x00007ff8a6e20000 - 0x00007ff8a6e4a000 	C:\Windows\SYSTEM32\WINMMBASE.dll
0x00007ff8bd980000 - 0x00007ff8bd989000 	C:\Windows\system32\NSI.dll
0x00007ff8bb930000 - 0x00007ff8bb97a000 	C:\Windows\SYSTEM32\cfgmgr32.dll
0x00007ff8ba300000 - 0x00007ff8ba326000 	C:\Windows\SYSTEM32\DEVOBJ.dll
0x00007ff8b7b70000 - 0x00007ff8b7b7f000 	C:\Program Files\Android\Android Studio\jre\jre\bin\verify.dll
0x00007ff8b4130000 - 0x00007ff8b4159000 	C:\Program Files\Android\Android Studio\jre\jre\bin\java.dll
0x00007ff8b7b30000 - 0x00007ff8b7b46000 	C:\Program Files\Android\Android Studio\jre\jre\bin\zip.dll
0x00007ff8bba80000 - 0x00007ff8bce8e000 	C:\Windows\system32\SHELL32.dll
0x00007ff8bde60000 - 0x00007ff8be037000 	C:\Windows\SYSTEM32\combase.dll
0x00007ff8bd120000 - 0x00007ff8bd171000 	C:\Windows\system32\SHLWAPI.dll
0x00007ff8b9ac0000 - 0x00007ff8b9b61000 	C:\Windows\SYSTEM32\SHCORE.dll
0x00007ff8bb470000 - 0x00007ff8bb484000 	C:\Windows\SYSTEM32\profapi.dll
0x00007ff8b4110000 - 0x00007ff8b412a000 	C:\Program Files\Android\Android Studio\jre\jre\bin\net.dll
0x00007ff8babb0000 - 0x00007ff8bac08000 	C:\Windows\system32\mswsock.dll
0x00007ff8b3af0000 - 0x00007ff8b3b01000 	C:\Program Files\Android\Android Studio\jre\jre\bin\nio.dll
0x00007ff8b3b50000 - 0x00007ff8b3b6e000 	C:\Users\user\.gradle\native\25\windows-amd64\native-platform.dll
0x00007ff8b67d0000 - 0x00007ff8b67dd000 	C:\Program Files\Android\Android Studio\jre\jre\bin\management.dll
0x00007ff8bacf0000 - 0x00007ff8bad0e000 	C:\Windows\SYSTEM32\CRYPTSP.dll
0x00007ff8ba920000 - 0x00007ff8ba955000 	C:\Windows\system32\rsaenh.dll
0x00007ff8baf20000 - 0x00007ff8baf46000 	C:\Windows\SYSTEM32\bcrypt.dll
0x00007ff8bad20000 - 0x00007ff8bad3f000 	C:\Windows\SYSTEM32\USERENV.dll
0x00007ff8bb280000 - 0x00007ff8bb2de000 	C:\Windows\system32\bcryptprimitives.dll
0x00007ff8bb2e0000 - 0x00007ff8bb2ea000 	C:\Windows\SYSTEM32\CRYPTBASE.dll
0x00007ff8b5b80000 - 0x00007ff8b5ba9000 	C:\Windows\SYSTEM32\IPHLPAPI.DLL
0x00007ff8b5b10000 - 0x00007ff8b5b1a000 	C:\Windows\SYSTEM32\WINNSI.DLL
0x00007ff8b5680000 - 0x00007ff8b5694000 	C:\Windows\SYSTEM32\dhcpcsvc6.DLL
0x00007ff8b5660000 - 0x00007ff8b5679000 	C:\Windows\SYSTEM32\dhcpcsvc.DLL

VM Arguments:
jvm_args: -Xmx1536m -Dfile.encoding=windows-1252 -Duser.country=US -Duser.language=en -Duser.variant 
java_command: org.gradle.launcher.daemon.bootstrap.GradleDaemon 4.6
java_class_path (initial): C:\Users\user\.gradle\wrapper\dists\gradle-4.6-all\bcst21l2brirad8k2ben1letg\gradle-4.6\lib\gradle-launcher-4.6.jar
Launcher Type: SUN_STANDARD

Environment Variables:
PATH=C:\Program Files (x86)\Common Files\Oracle\Java\javapath;C:\Windows\system32;C:\Windows;C:\Windows\System32\Wbem;C:\Windows\System32\WindowsPowerShell\v1.0\
USERNAME=user
OS=Windows_NT
PROCESSOR_IDENTIFIER=Intel64 Family 6 Model 76 Stepping 4, GenuineIntel



---------------  S Y S T E M  ---------------

OS: Windows 8.1 , 64 bit Build 9600 (6.3.9600.16384)

CPU:total 2 (initial active 2) (2 cores per cpu, 1 threads per core) family 6 model 76 stepping 4, cmov, cx8, fxsr, mmx, sse, sse2, sse3, ssse3, sse4.1, sse4.2, popcnt, aes, clmul, erms, 3dnowpref, tsc, tscinvbit

Memory: 4k page, physical 4037340k(655380k free), swap 4846640k(5276k free)

vm_info: OpenJDK 64-Bit Server VM (25.152-b06) for windows-amd64 JRE (1.8.0_152-release-1136-b06), built by "builder" with MS VC++ 10.0 (VS2010)

time: Mon Sep 09 06:39:47 2019
elapsed time: 4 seconds (0d 0h 0m 4s)

