#
# There is insufficient memory for the Java Runtime Environment to continue.
# Native memory allocation (malloc) failed to allocate 32744 bytes for ChunkPool::allocate
# Possible reasons:
#   The system is out of physical RAM or swap space
#   In 32 bit mode, the process size limit was hit
# Possible solutions:
#   Reduce memory load on the system
#   Increase physical memory or swap space
#   Check if swap backing store is full
#   Use 64 bit Java on a 64 bit OS
#   Decrease Java heap size (-Xmx/-Xms)
#   Decrease number of Java threads
#   Decrease Java thread stack sizes (-Xss)
#   Set larger code cache with -XX:ReservedCodeCacheSize=
# This output file may be truncated or incomplete.
#
#  Out of Memory Error (allocation.cpp:273), pid=2560, tid=0x00000000000012b8
#
# JRE version: OpenJDK Runtime Environment (8.0_152-b06) (build 1.8.0_152-release-1136-b06)
# Java VM: OpenJDK 64-Bit Server VM (25.152-b06 mixed mode windows-amd64 compressed oops)
# Failed to write core dump. Minidumps are not enabled by default on client versions of Windows
#

---------------  T H R E A D  ---------------

Current thread (0x0000000017f07000):  JavaThread "Daemon worker" [_thread_in_vm, id=4792, stack(0x00000000192d0000,0x00000000193d0000)]

Stack: [0x00000000192d0000,0x00000000193d0000]
[error occurred during error reporting (printing stack bounds), id 0xc0000005]

Native frames: (J=compiled Java code, j=interpreted, Vv=VM code, C=native code)

Java frames: (J=compiled Java code, j=interpreted, Vv=VM code)
j  java.lang.reflect.Proxy.defineClass0(Ljava/lang/ClassLoader;Ljava/lang/String;[BII)Ljava/lang/Class;+0
j  java.lang.reflect.Proxy.access$300(Ljava/lang/ClassLoader;Ljava/lang/String;[BII)Ljava/lang/Class;+6
j  java.lang.reflect.Proxy$ProxyClassFactory.apply(Ljava/lang/ClassLoader;[Ljava/lang/Class;)Ljava/lang/Class;+371
j  java.lang.reflect.Proxy$ProxyClassFactory.apply(Ljava/lang/Object;Ljava/lang/Object;)Ljava/lang/Object;+9
j  java.lang.reflect.WeakCache$Factory.get()Ljava/lang/Object;+41
J 3201 C1 java.lang.reflect.WeakCache.get(Ljava/lang/Object;Ljava/lang/Object;)Ljava/lang/Object; (221 bytes) @ 0x00000000023f8104 [0x00000000023f7020+0x10e4]
J 2856 C1 java.lang.reflect.Proxy.newProxyInstance(Ljava/lang/ClassLoader;[Ljava/lang/Class;Ljava/lang/reflect/InvocationHandler;)Ljava/lang/Object; (174 bytes) @ 0x0000000002805dc4 [0x0000000002805960+0x464]
J 3311 C1 sun.reflect.annotation.AnnotationParser$1.run()Ljava/lang/annotation/Annotation; (40 bytes) @ 0x0000000002903214 [0x0000000002902740+0xad4]
J 2909 C1 sun.reflect.annotation.AnnotationParser$1.run()Ljava/lang/Object; (5 bytes) @ 0x000000000283f7f4 [0x000000000283f700+0xf4]
v  ~StubRoutines::call_stub
J 983  java.security.AccessController.doPrivileged(Ljava/security/PrivilegedAction;)Ljava/lang/Object; (0 bytes) @ 0x00000000022a6b12 [0x00000000022a6ac0+0x52]
J 2855 C1 sun.reflect.annotation.AnnotationParser.parseAnnotation2(Ljava/nio/ByteBuffer;Lsun/reflect/ConstantPool;Ljava/lang/Class;Z[Ljava/lang/Class;)Ljava/lang/annotation/Annotation; (284 bytes) @ 0x00000000028117ec [0x0000000002810240+0x15ac]
J 3016 C1 sun.reflect.annotation.AnnotationParser.parseAnnotations2([BLsun/reflect/ConstantPool;Ljava/lang/Class;[Ljava/lang/Class;)Ljava/util/Map; (135 bytes) @ 0x000000000289472c [0x0000000002893e40+0x8ec]
J 2193 C2 java.lang.reflect.Executable.declaredAnnotations()Ljava/util/Map; (59 bytes) @ 0x0000000002740524 [0x0000000002740280+0x2a4]
J 3155 C1 java.lang.reflect.Method.getAnnotation(Ljava/lang/Class;)Ljava/lang/annotation/Annotation; (6 bytes) @ 0x00000000023fdc8c [0x00000000023fdb40+0x14c]
j  org.gradle.api.internal.AbstractClassGenerator.inspectType(Ljava/lang/Class;Lorg/gradle/api/internal/AbstractClassGenerator$ClassMetaData;)V+48
j  org.gradle.api.internal.AbstractClassGenerator.inspectType(Ljava/lang/Class;)Lorg/gradle/api/internal/AbstractClassGenerator$ClassMetaData;+47
J 3832 C1 org.gradle.api.internal.AbstractClassGenerator.generateUnderLock(Ljava/lang/Class;)Ljava/lang/Class; (1137 bytes) @ 0x0000000002a6fe6c [0x0000000002a6f4c0+0x9ac]
J 4022 C1 org.gradle.api.internal.AbstractClassGenerator.generate(Ljava/lang/Class;)Ljava/lang/Class; (35 bytes) @ 0x0000000002adb53c [0x0000000002adb4a0+0x9c]
j  org.gradle.api.internal.project.taskfactory.TaskFactory.create(Ljava/lang/String;Ljava/lang/Class;)Lorg/gradle/api/internal/TaskInternal;+73
j  org.gradle.api.internal.project.taskfactory.TaskFactory.create(Ljava/lang/String;Ljava/lang/Class;)Ljava/lang/Object;+3
j  org.gradle.api.internal.project.taskfactory.AnnotationProcessingTaskFactory.create(Ljava/lang/String;Ljava/lang/Class;)Lorg/gradle/api/internal/TaskInternal;+7
j  org.gradle.api.internal.project.taskfactory.AnnotationProcessingTaskFactory.create(Ljava/lang/String;Ljava/lang/Class;)Ljava/lang/Object;+3
j  org.gradle.api.internal.tasks.DefaultTaskContainer$TaskInstantiator.create(Ljava/lang/String;Ljava/lang/Class;)Lorg/gradle/api/Task;+44
j  org.gradle.api.internal.tasks.DefaultTaskContainer$TaskInstantiator.create(Ljava/lang/String;Ljava/lang/Class;)Ljava/lang/Object;+3
j  org.gradle.api.internal.tasks.DefaultTaskContainer.create(Ljava/lang/String;Ljava/lang/Class;)Lorg/gradle/api/Task;+6
j  org.gradle.api.internal.tasks.DefaultTaskContainer.create(Ljava/lang/String;Ljava/lang/Class;Lorg/gradle/api/Action;)Lorg/gradle/api/Task;+3
j  com.android.build.gradle.internal.TaskFactoryImpl.create(Lcom/android/build/gradle/internal/scope/TaskConfigAction;)Lorg/gradle/api/Task;+26
j  com.android.build.gradle.internal.TaskManager.createTasksBeforeEvaluate()V+157
j  com.android.build.gradle.BasePlugin.lambda$createTasks$3()V+4
j  com.android.build.gradle.BasePlugin$$Lambda$76.call()V+4
j  com.android.builder.profile.ThreadRecorder.record(Lcom/google/wireless/android/sdk/stats/GradleBuildProfileSpan$ExecutionType;Ljava/lang/String;Ljava/lang/String;Lcom/android/builder/profile/Recorder$VoidBlock;)V+17
j  com.android.build.gradle.BasePlugin.createTasks()V+23
j  com.android.build.gradle.BasePlugin$$Lambda$75.call()V+4
j  com.android.builder.profile.ThreadRecorder.record(Lcom/google/wireless/android/sdk/stats/GradleBuildProfileSpan$ExecutionType;Ljava/lang/String;Ljava/lang/String;Lcom/android/builder/profile/Recorder$VoidBlock;)V+17
j  com.android.build.gradle.BasePlugin.apply(Lorg/gradle/api/Project;)V+218
j  com.android.build.gradle.AbstractAppPlugin.apply(Lorg/gradle/api/Project;)V+2
j  com.android.build.gradle.AppPlugin.apply(Lorg/gradle/api/Project;)V+2
j  com.android.build.gradle.AppPlugin.apply(Ljava/lang/Object;)V+5
j  org.gradle.api.internal.plugins.ImperativeOnlyPluginTarget.applyImperative(Ljava/lang/String;Lorg/gradle/api/Plugin;)V+13
j  org.gradle.api.internal.plugins.RuleBasedPluginTarget.applyImperative(Ljava/lang/String;Lorg/gradle/api/Plugin;)V+6
j  org.gradle.api.internal.plugins.DefaultPluginManager.addPlugin(Ljava/lang/Runnable;Lorg/gradle/api/internal/plugins/PluginImplementation;Ljava/lang/String;Ljava/lang/Class;)V+52
j  org.gradle.api.internal.plugins.DefaultPluginManager.access$200(Lorg/gradle/api/internal/plugins/DefaultPluginManager;Ljava/lang/Runnable;Lorg/gradle/api/internal/plugins/PluginImplementation;Ljava/lang/String;Ljava/lang/Class;)V+6
j  org.gradle.api.internal.plugins.DefaultPluginManager$AddPluginBuildOperation.run(Lorg/gradle/internal/operations/BuildOperationContext;)V+20
j  org.gradle.internal.progress.DefaultBuildOperationExecutor$RunnableBuildOperationWorker.execute(Lorg/gradle/internal/operations/RunnableBuildOperation;Lorg/gradle/internal/operations/BuildOperationContext;)V+2
j  org.gradle.internal.progress.DefaultBuildOperationExecutor$RunnableBuildOperationWorker.execute(Lorg/gradle/internal/operations/BuildOperation;Lorg/gradle/internal/operations/BuildOperationContext;)V+6
j  org.gradle.internal.progress.DefaultBuildOperationExecutor.execute(Lorg/gradle/internal/operations/BuildOperation;Lorg/gradle/internal/operations/BuildOperationWorker;Lorg/gradle/internal/progress/DefaultBuildOperationExecutor$DefaultBuildOperationState;)V+177
j  org.gradle.internal.progress.DefaultBuildOperationExecutor.run(Lorg/gradle/internal/operations/RunnableBuildOperation;)V+20
j  org.gradle.api.internal.plugins.DefaultPluginManager.doApply(Lorg/gradle/api/internal/plugins/PluginImplementation;)V+129
j  org.gradle.api.internal.plugins.DefaultPluginManager.apply(Ljava/lang/String;)V+52
j  org.gradle.api.internal.plugins.DefaultObjectConfigurationAction.applyType(Ljava/lang/String;)V+43
j  org.gradle.api.internal.plugins.DefaultObjectConfigurationAction.access$200(Lorg/gradle/api/internal/plugins/DefaultObjectConfigurationAction;Ljava/lang/String;)V+2
j  org.gradle.api.internal.plugins.DefaultObjectConfigurationAction$3.run()V+8
j  org.gradle.api.internal.plugins.DefaultObjectConfigurationAction.execute()V+58
j  org.gradle.api.internal.project.AbstractPluginAware.apply(Ljava/util/Map;)V+12
j  org.gradle.api.internal.project.ProjectScript.apply(Ljava/util/Map;)V+5
j  org.gradle.api.Script$apply$0.callCurrent(Lgroovy/lang/GroovyObject;[Ljava/lang/Object;)Ljava/lang/Object;+19
j  org.codehaus.groovy.runtime.callsite.CallSiteArray.defaultCallCurrent(Lorg/codehaus/groovy/runtime/callsite/CallSite;Lgroovy/lang/GroovyObject;[Ljava/lang/Object;)Ljava/lang/Object;+17
j  org.codehaus.groovy.runtime.callsite.AbstractCallSite.callCurrent(Lgroovy/lang/GroovyObject;[Ljava/lang/Object;)Ljava/lang/Object;+3
j  org.codehaus.groovy.runtime.callsite.AbstractCallSite.callCurrent(Lgroovy/lang/GroovyObject;Ljava/lang/Object;)Ljava/lang/Object;+33
j  build_6szg22ozie1dm164tog32gr7a.run()Ljava/lang/Object;+26
j  org.gradle.groovy.scripts.internal.DefaultScriptRunnerFactory$ScriptRunnerImpl.run(Ljava/lang/Object;Lorg/gradle/internal/service/ServiceRegistry;)V+57
j  org.gradle.configuration.DefaultScriptPluginFactory$ScriptPluginImpl$2.run()V+12
j  org.gradle.configuration.ProjectScriptTarget.addConfiguration(Ljava/lang/Runnable;Z)V+18
j  org.gradle.configuration.DefaultScriptPluginFactory$ScriptPluginImpl.apply(Ljava/lang/Object;)V+617
j  org.gradle.configuration.BuildOperationScriptPlugin$1.run(Lorg/gradle/internal/operations/BuildOperationContext;)V+11
j  org.gradle.internal.progress.DefaultBuildOperationExecutor$RunnableBuildOperationWorker.execute(Lorg/gradle/internal/operations/RunnableBuildOperation;Lorg/gradle/internal/operations/BuildOperationContext;)V+2
j  org.gradle.internal.progress.DefaultBuildOperationExecutor$RunnableBuildOperationWorker.execute(Lorg/gradle/internal/operations/BuildOperation;Lorg/gradle/internal/operations/BuildOperationContext;)V+6
j  org.gradle.internal.progress.DefaultBuildOperationExecutor.execute(Lorg/gradle/internal/operations/BuildOperation;Lorg/gradle/internal/operations/BuildOperationWorker;Lorg/gradle/internal/progress/DefaultBuildOperationExecutor$DefaultBuildOperationState;)V+177
j  org.gradle.internal.progress.DefaultBuildOperationExecutor.run(Lorg/gradle/internal/operations/RunnableBuildOperation;)V+20
j  org.gradle.configuration.BuildOperationScriptPlugin.apply(Ljava/lang/Object;)V+54
j  org.gradle.configuration.project.BuildScriptProcessor.execute(Lorg/gradle/api/internal/project/ProjectInternal;)V+74
j  org.gradle.configuration.project.BuildScriptProcessor.execute(Ljava/lang/Object;)V+5
j  org.gradle.configuration.project.ConfigureActionsProjectEvaluator.evaluate(Lorg/gradle/api/internal/project/ProjectInternal;Lorg/gradle/api/internal/project/ProjectStateInternal;)V+33
j  org.gradle.configuration.project.LifecycleProjectEvaluator.doConfigure(Lorg/gradle/api/internal/project/ProjectInternal;Lorg/gradle/api/internal/project/ProjectStateInternal;)V+39
j  org.gradle.configuration.project.LifecycleProjectEvaluator.access$100(Lorg/gradle/configuration/project/LifecycleProjectEvaluator;Lorg/gradle/api/internal/project/ProjectInternal;Lorg/gradle/api/internal/project/ProjectStateInternal;)V+3
j  org.gradle.configuration.project.LifecycleProjectEvaluator$ConfigureProject.run(Lorg/gradle/internal/operations/BuildOperationContext;)V+12
j  org.gradle.internal.progress.DefaultBuildOperationExecutor$RunnableBuildOperationWorker.execute(Lorg/gradle/internal/operations/RunnableBuildOperation;Lorg/gradle/internal/operations/BuildOperationContext;)V+2
j  org.gradle.internal.progress.DefaultBuildOperationExecutor$RunnableBuildOperationWorker.execute(Lorg/gradle/internal/operations/BuildOperation;Lorg/gradle/internal/operations/BuildOperationContext;)V+6
j  org.gradle.internal.progress.DefaultBuildOperationExecutor.execute(Lorg/gradle/internal/operations/BuildOperation;Lorg/gradle/internal/operations/BuildOperationWorker;Lorg/gradle/internal/progress/DefaultBuildOperationExecutor$DefaultBuildOperationState;)V+177
j  org.gradle.internal.progress.DefaultBuildOperationExecutor.run(Lorg/gradle/internal/operations/RunnableBuildOperation;)V+20
j  org.gradle.configuration.project.LifecycleProjectEvaluator.evaluate(Lorg/gradle/api/internal/project/ProjectInternal;Lorg/gradle/api/internal/project/ProjectStateInternal;)V+30
j  org.gradle.api.internal.project.DefaultProject.evaluate()Lorg/gradle/api/internal/project/DefaultProject;+9
j  org.gradle.api.internal.project.DefaultProject.evaluate()Lorg/gradle/api/Project;+1
j  org.gradle.execution.TaskPathProjectEvaluator.configure(Lorg/gradle/api/internal/project/ProjectInternal;)V+21
j  org.gradle.execution.TaskPathProjectEvaluator.configureHierarchy(Lorg/gradle/api/internal/project/ProjectInternal;)V+41
j  org.gradle.configuration.DefaultBuildConfigurer.configure(Lorg/gradle/api/internal/GradleInternal;)V+45
j  org.gradle.initialization.DefaultGradleLauncher$ConfigureBuild.run(Lorg/gradle/internal/operations/BuildOperationContext;)V+40
j  org.gradle.internal.progress.DefaultBuildOperationExecutor$RunnableBuildOperationWorker.execute(Lorg/gradle/internal/operations/RunnableBuildOperation;Lorg/gradle/internal/operations/BuildOperationContext;)V+2
j  org.gradle.internal.progress.DefaultBuildOperationExecutor$RunnableBuildOperationWorker.execute(Lorg/gradle/internal/operations/BuildOperation;Lorg/gradle/internal/operations/BuildOperationContext;)V+6
j  org.gradle.internal.progress.DefaultBuildOperationExecutor.execute(Lorg/gradle/internal/operations/BuildOperation;Lorg/gradle/internal/operations/BuildOperationWorker;Lorg/gradle/internal/progress/DefaultBuildOperationExecutor$DefaultBuildOperationState;)V+177
j  org.gradle.internal.progress.DefaultBuildOperationExecutor.run(Lorg/gradle/internal/operations/RunnableBuildOperation;)V+20
j  org.gradle.initialization.DefaultGradleLauncher.configureBuild()V+23
j  org.gradle.initialization.DefaultGradleLauncher.doBuildStages(Lorg/gradle/initialization/DefaultGradleLauncher$Stage;)V+13
j  org.gradle.initialization.DefaultGradleLauncher.executeTasks()Lorg/gradle/api/internal/GradleInternal;+4
j  org.gradle.internal.invocation.GradleBuildController$1.call()Lorg/gradle/api/internal/GradleInternal;+7
j  org.gradle.internal.invocation.GradleBuildController$1.call()Ljava/lang/Object;+1
j  org.gradle.internal.work.DefaultWorkerLeaseService.withLocks(Ljava/lang/Iterable;Ljava/util/concurrent/Callable;)Ljava/lang/Object;+15
j  org.gradle.internal.invocation.GradleBuildController.doBuild(Ljava/util/concurrent/Callable;)Lorg/gradle/api/internal/GradleInternal;+52
j  org.gradle.internal.invocation.GradleBuildController.run()Lorg/gradle/api/internal/GradleInternal;+9
j  org.gradle.tooling.internal.provider.runner.ClientProvidedBuildActionRunner.run(Lorg/gradle/internal/invocation/BuildAction;Lorg/gradle/internal/invocation/BuildController;)V+77
j  org.gradle.launcher.exec.ChainingBuildActionRunner.run(Lorg/gradle/internal/invocation/BuildAction;Lorg/gradle/internal/invocation/BuildController;)V+34
j  org.gradle.launcher.exec.ChainingBuildActionRunner.run(Lorg/gradle/internal/invocation/BuildAction;Lorg/gradle/internal/invocation/BuildController;)V+34
j  org.gradle.tooling.internal.provider.ValidatingBuildActionRunner.run(Lorg/gradle/internal/invocation/BuildAction;Lorg/gradle/internal/invocation/BuildController;)V+6
j  org.gradle.launcher.exec.RunAsBuildOperationBuildActionRunner$1.run(Lorg/gradle/internal/operations/BuildOperationContext;)V+15
j  org.gradle.internal.progress.DefaultBuildOperationExecutor$RunnableBuildOperationWorker.execute(Lorg/gradle/internal/operations/RunnableBuildOperation;Lorg/gradle/internal/operations/BuildOperationContext;)V+2
j  org.gradle.internal.progress.DefaultBuildOperationExecutor$RunnableBuildOperationWorker.execute(Lorg/gradle/internal/operations/BuildOperation;Lorg/gradle/internal/operations/BuildOperationContext;)V+6
j  org.gradle.internal.progress.DefaultBuildOperationExecutor.execute(Lorg/gradle/internal/operations/BuildOperation;Lorg/gradle/internal/operations/BuildOperationWorker;Lorg/gradle/internal/progress/DefaultBuildOperationExecutor$DefaultBuildOperationState;)V+177
j  org.gradle.internal.progress.DefaultBuildOperationExecutor.run(Lorg/gradle/internal/operations/RunnableBuildOperation;)V+20
j  org.gradle.launcher.exec.RunAsBuildOperationBuildActionRunner.run(Lorg/gradle/internal/invocation/BuildAction;Lorg/gradle/internal/invocation/BuildController;)V+34
j  org.gradle.tooling.internal.provider.SubscribableBuildActionRunner.run(Lorg/gradle/internal/invocation/BuildAction;Lorg/gradle/internal/invocation/BuildController;)V+40
j  org.gradle.launcher.exec.InProcessBuildActionExecuter.execute(Lorg/gradle/internal/invocation/BuildAction;Lorg/gradle/initialization/BuildRequestContext;Lorg/gradle/launcher/exec/BuildActionParameters;Lorg/gradle/internal/service/ServiceRegistry;)Ljava/lang/Object;+81
j  org.gradle.launcher.exec.InProcessBuildActionExecuter.execute(Lorg/gradle/internal/invocation/BuildAction;Lorg/gradle/initialization/BuildRequestContext;Ljava/lang/Object;Lorg/gradle/internal/service/ServiceRegistry;)Ljava/lang/Object;+9
j  org.gradle.launcher.exec.BuildTreeScopeBuildActionExecuter.execute(Lorg/gradle/internal/invocation/BuildAction;Lorg/gradle/initialization/BuildRequestContext;Lorg/gradle/launcher/exec/BuildActionParameters;Lorg/gradle/internal/service/ServiceRegistry;)Ljava/lang/Object;+38
j  org.gradle.launcher.exec.BuildTreeScopeBuildActionExecuter.execute(Lorg/gradle/internal/invocation/BuildAction;Lorg/gradle/initialization/BuildRequestContext;Ljava/lang/Object;Lorg/gradle/internal/service/ServiceRegistry;)Ljava/lang/Object;+9
j  org.gradle.tooling.internal.provider.ContinuousBuildActionExecuter.execute(Lorg/gradle/internal/invocation/BuildAction;Lorg/gradle/initialization/BuildRequestContext;Lorg/gradle/launcher/exec/BuildActionParameters;Lorg/gradle/internal/service/ServiceRegistry;)Ljava/lang/Object;+63
j  org.gradle.tooling.internal.provider.ContinuousBuildActionExecuter.execute(Lorg/gradle/internal/invocation/BuildAction;Lorg/gradle/initialization/BuildRequestContext;Ljava/lang/Object;Lorg/gradle/internal/service/ServiceRegistry;)Ljava/lang/Object;+9
j  org.gradle.tooling.internal.provider.ServicesSetupBuildActionExecuter.execute(Lorg/gradle/internal/invocation/BuildAction;Lorg/gradle/initialization/BuildRequestContext;Lorg/gradle/launcher/exec/BuildActionParameters;Lorg/gradle/internal/service/ServiceRegistry;)Ljava/lang/Object;+86
j  org.gradle.tooling.internal.provider.ServicesSetupBuildActionExecuter.execute(Lorg/gradle/internal/invocation/BuildAction;Lorg/gradle/initialization/BuildRequestContext;Ljava/lang/Object;Lorg/gradle/internal/service/ServiceRegistry;)Ljava/lang/Object;+9
j  org.gradle.tooling.internal.provider.GradleThreadBuildActionExecuter.execute(Lorg/gradle/internal/invocation/BuildAction;Lorg/gradle/initialization/BuildRequestContext;Lorg/gradle/launcher/exec/BuildActionParameters;Lorg/gradle/internal/service/ServiceRegistry;)Ljava/lang/Object;+12
j  org.gradle.tooling.internal.provider.GradleThreadBuildActionExecuter.execute(Lorg/gradle/internal/invocation/BuildAction;Lorg/gradle/initialization/BuildRequestContext;Ljava/lang/Object;Lorg/gradle/internal/service/ServiceRegistry;)Ljava/lang/Object;+9
j  org.gradle.tooling.internal.provider.ParallelismConfigurationBuildActionExecuter.execute(Lorg/gradle/internal/invocation/BuildAction;Lorg/gradle/initialization/BuildRequestContext;Lorg/gradle/launcher/exec/BuildActionParameters;Lorg/gradle/internal/service/ServiceRegistry;)Ljava/lang/Object;+43
j  org.gradle.tooling.internal.provider.ParallelismConfigurationBuildActionExecuter.execute(Lorg/gradle/internal/invocation/BuildAction;Lorg/gradle/initialization/BuildRequestContext;Ljava/lang/Object;Lorg/gradle/internal/service/ServiceRegistry;)Ljava/lang/Object;+9
j  org.gradle.tooling.internal.provider.StartParamsValidatingActionExecuter.execute(Lorg/gradle/internal/invocation/BuildAction;Lorg/gradle/initialization/BuildRequestContext;Lorg/gradle/launcher/exec/BuildActionParameters;Lorg/gradle/internal/service/ServiceRegistry;)Ljava/lang/Object;+257
j  org.gradle.tooling.internal.provider.StartParamsValidatingActionExecuter.execute(Lorg/gradle/internal/invocation/BuildAction;Lorg/gradle/initialization/BuildRequestContext;Ljava/lang/Object;Lorg/gradle/internal/service/ServiceRegistry;)Ljava/lang/Object;+9
j  org.gradle.tooling.internal.provider.SessionFailureReportingActionExecuter.execute(Lorg/gradle/internal/invocation/BuildAction;Lorg/gradle/initialization/BuildRequestContext;Lorg/gradle/launcher/exec/BuildActionParameters;Lorg/gradle/internal/service/ServiceRegistry;)Ljava/lang/Object;+9
j  org.gradle.tooling.internal.provider.SessionFailureReportingActionExecuter.execute(Lorg/gradle/internal/invocation/BuildAction;Lorg/gradle/initialization/BuildRequestContext;Ljava/lang/Object;Lorg/gradle/internal/service/ServiceRegistry;)Ljava/lang/Object;+9
j  org.gradle.tooling.internal.provider.SetupLoggingActionExecuter.execute(Lorg/gradle/internal/invocation/BuildAction;Lorg/gradle/initialization/BuildRequestContext;Lorg/gradle/launcher/exec/BuildActionParameters;Lorg/gradle/internal/service/ServiceRegistry;)Ljava/lang/Object;+42
j  org.gradle.tooling.internal.provider.SetupLoggingActionExecuter.execute(Lorg/gradle/internal/invocation/BuildAction;Lorg/gradle/initialization/BuildRequestContext;Ljava/lang/Object;Lorg/gradle/internal/service/ServiceRegistry;)Ljava/lang/Object;+9
j  org.gradle.launcher.daemon.server.exec.ExecuteBuild.doBuild(Lorg/gradle/launcher/daemon/server/api/DaemonCommandExecution;Lorg/gradle/launcher/daemon/protocol/Build;)V+114
j  org.gradle.launcher.daemon.server.exec.BuildCommandOnly.execute(Lorg/gradle/launcher/daemon/server/api/DaemonCommandExecution;)V+49
j  org.gradle.launcher.daemon.server.api.DaemonCommandExecution.proceed()Z+28
j  org.gradle.launcher.daemon.server.exec.WatchForDisconnection.execute(Lorg/gradle/launcher/daemon/server/api/DaemonCommandExecution;)V+19
j  org.gradle.launcher.daemon.server.api.DaemonCommandExecution.proceed()Z+28
j  org.gradle.launcher.daemon.server.exec.ResetDeprecationLogger.execute(Lorg/gradle/launcher/daemon/server/api/DaemonCommandExecution;)V+4
j  org.gradle.launcher.daemon.server.api.DaemonCommandExecution.proceed()Z+28
j  org.gradle.launcher.daemon.server.exec.RequestStopIfSingleUsedDaemon.execute(Lorg/gradle/launcher/daemon/server/api/DaemonCommandExecution;)V+33
j  org.gradle.launcher.daemon.server.api.DaemonCommandExecution.proceed()Z+28
j  org.gradle.launcher.daemon.server.exec.ForwardClientInput$2.call()Ljava/lang/Void;+4
j  org.gradle.launcher.daemon.server.exec.ForwardClientInput$2.call()Ljava/lang/Object;+1
j  org.gradle.util.Swapper.swap(Ljava/lang/Object;Ljava/util/concurrent/Callable;)Ljava/lang/Object;+21
j  org.gradle.launcher.daemon.server.exec.ForwardClientInput.execute(Lorg/gradle/launcher/daemon/server/api/DaemonCommandExecution;)V+63
j  org.gradle.launcher.daemon.server.api.DaemonCommandExecution.proceed()Z+28
j  org.gradle.launcher.daemon.server.exec.LogAndCheckHealth.execute(Lorg/gradle/launcher/daemon/server/api/DaemonCommandExecution;)V+28
j  org.gradle.launcher.daemon.server.api.DaemonCommandExecution.proceed()Z+28
j  org.gradle.launcher.daemon.server.exec.LogToClient.doBuild(Lorg/gradle/launcher/daemon/server/api/DaemonCommandExecution;Lorg/gradle/launcher/daemon/protocol/Build;)V+87
j  org.gradle.launcher.daemon.server.exec.BuildCommandOnly.execute(Lorg/gradle/launcher/daemon/server/api/DaemonCommandExecution;)V+49
j  org.gradle.launcher.daemon.server.api.DaemonCommandExecution.proceed()Z+28
j  org.gradle.launcher.daemon.server.exec.EstablishBuildEnvironment.doBuild(Lorg/gradle/launcher/daemon/server/api/DaemonCommandExecution;Lorg/gradle/launcher/daemon/protocol/Build;)V+365
j  org.gradle.launcher.daemon.server.exec.BuildCommandOnly.execute(Lorg/gradle/launcher/daemon/server/api/DaemonCommandExecution;)V+49
j  org.gradle.launcher.daemon.server.api.DaemonCommandExecution.proceed()Z+28
j  org.gradle.launcher.daemon.server.exec.StartBuildOrRespondWithBusy$1.run()V+44
j  org.gradle.launcher.daemon.server.DaemonStateCoordinator$1.run()V+4
j  org.gradle.internal.concurrent.ExecutorPolicy$CatchAndRecordFailures.onExecute(Ljava/lang/Runnable;)V+1
j  org.gradle.internal.concurrent.ManagedExecutorImpl$1.run()V+25
j  java.util.concurrent.ThreadPoolExecutor.runWorker(Ljava/util/concurrent/ThreadPoolExecutor$Worker;)V+95
j  java.util.concurrent.ThreadPoolExecutor$Worker.run()V+5
j  org.gradle.internal.concurrent.ThreadFactoryImpl$ManagedThreadRunnable.run()V+7
j  java.lang.Thread.run()V+11
v  ~StubRoutines::call_stub

---------------  P R O C E S S  ---------------

Java Threads: ( => current thread )
  0x000000001770d800 JavaThread "Memory manager" [_thread_blocked, id=4220, stack(0x000000001e090000,0x000000001e190000)]
  0x0000000017709000 JavaThread "Build operations Thread 2" [_thread_blocked, id=4036, stack(0x000000001d990000,0x000000001da90000)]
  0x0000000017709800 JavaThread "Build operations" [_thread_blocked, id=2288, stack(0x000000001d300000,0x000000001d400000)]
  0x000000001770c000 JavaThread "Cache worker for Artifact transforms cache (C:\Users\user\.gradle\caches\transforms-1)" [_thread_blocked, id=2792, stack(0x000000001d690000,0x000000001d790000)]
  0x000000001770a800 JavaThread "Cache worker for file hash cache (D:\Rafeeq (clone)\Companion\.gradle\4.6\fileHashes)" [_thread_blocked, id=4728, stack(0x00000000199d0000,0x0000000019ad0000)]
  0x00000000172ff000 JavaThread "File lock request listener" [_thread_in_native, id=4956, stack(0x00000000198d0000,0x00000000199d0000)]
  0x0000000017307000 JavaThread "Cache worker for file hash cache (C:\Users\user\.gradle\caches\4.6\fileHashes)" [_thread_blocked, id=840, stack(0x00000000197d0000,0x00000000198d0000)]
  0x0000000017f0d800 JavaThread "Stdin handler" [_thread_blocked, id=2484, stack(0x00000000194d0000,0x00000000195d0000)]
  0x0000000017f0a800 JavaThread "Asynchronous log dispatcher for DefaultDaemonConnection: socket connection from /127.0.0.1:50215 to /127.0.0.1:50216" [_thread_blocked, id=4288, stack(0x00000000193d0000,0x00000000194d0000)]
=>0x0000000017f07000 JavaThread "Daemon worker" [_thread_in_vm, id=4792, stack(0x00000000192d0000,0x00000000193d0000)]
  0x0000000017f05800 JavaThread "Cancel handler" [_thread_blocked, id=2596, stack(0x00000000191d0000,0x00000000192d0000)]
  0x0000000017ed1800 JavaThread "Handler for socket connection from /127.0.0.1:50215 to /127.0.0.1:50216" [_thread_in_native, id=2016, stack(0x0000000018ed0000,0x0000000018fd0000)]
  0x0000000017e8c800 JavaThread "Daemon" [_thread_blocked, id=32, stack(0x0000000018dd0000,0x0000000018ed0000)]
  0x0000000017c6a000 JavaThread "Daemon periodic checks" [_thread_blocked, id=3748, stack(0x0000000018cd0000,0x0000000018dd0000)]
  0x0000000017c5a800 JavaThread "Incoming local TCP Connector on port 50215" [_thread_in_native, id=4044, stack(0x0000000018ae0000,0x0000000018be0000)]
  0x0000000015699000 JavaThread "Service Thread" daemon [_thread_blocked, id=1832, stack(0x0000000016830000,0x0000000016930000)]
  0x0000000015634000 JavaThread "C1 CompilerThread1" daemon [_thread_blocked, id=3564, stack(0x0000000016730000,0x0000000016830000)]
  0x0000000015614800 JavaThread "C2 CompilerThread0" daemon [_thread_in_native, id=1324, stack(0x0000000016630000,0x0000000016730000)]
  0x0000000015613800 JavaThread "Attach Listener" daemon [_thread_blocked, id=2160, stack(0x0000000016530000,0x0000000016630000)]
  0x000000001561f000 JavaThread "Signal Dispatcher" daemon [_thread_blocked, id=2420, stack(0x0000000016430000,0x0000000016530000)]
  0x0000000015600800 JavaThread "Finalizer" daemon [_thread_blocked, id=2408, stack(0x0000000016250000,0x0000000016350000)]
  0x00000000155d5000 JavaThread "Reference Handler" daemon [_thread_blocked, id=3284, stack(0x0000000016150000,0x0000000016250000)]
  0x0000000001df2800 JavaThread "main" [_thread_blocked, id=2968, stack(0x0000000001c60000,0x0000000001d60000)]

Other Threads:
  0x00000000155cd000 VMThread [stack: 0x0000000016050000,0x0000000016150000] [id=1656]
  0x000000001566f800 WatcherThread [stack: 0x0000000016930000,0x0000000016a30000] [id=3332]

VM state:not at safepoint (normal execution)

VM Mutex/Monitor currently owned by a thread: None

Heap:
 PSYoungGen      total 131584K, used 106613K [0x00000000e0000000, 0x00000000eb880000, 0x0000000100000000)
  eden space 122880K, 86% used [0x00000000e0000000,0x00000000e681d730,0x00000000e7800000)
  from space 8704K, 0% used [0x00000000e7800000,0x00000000e7800000,0x00000000e8080000)
  to   space 11776K, 0% used [0x00000000ead00000,0x00000000ead00000,0x00000000eb880000)
 ParOldGen       total 53760K, used 19225K [0x00000000a0000000, 0x00000000a3480000, 0x00000000e0000000)
  object space 53760K, 35% used [0x00000000a0000000,0x00000000a12c6448,0x00000000a3480000)
 Metaspace       used 41666K, capacity 42488K, committed 42880K, reserved 1085440K
  class space    used 5607K, capacity 5896K, committed 6016K, reserved 1048576K

Card table byte_map: [0x00000000112b0000,0x00000000115c0000] byte_map_base: 0x0000000010db0000

Marking Bits: (ParMarkBitMap*) 0x0000000069995aa0
 Begin Bits: [0x00000000119c0000, 0x00000000131c0000)
 End Bits:   [0x00000000131c0000, 0x00000000149c0000)

Polling page: 0x00000000003c0000

CodeCache: size=245760Kb used=12218Kb max_used=12218Kb free=233541Kb
 bounds [0x0000000001ef0000, 0x0000000002af0000, 0x0000000010ef0000]
 total_blobs=4505 nmethods=3774 adapters=644
 compilation: enabled

Compilation events (10 events):
Event: 22.890 Thread 0x0000000015634000 4050       1       java.util.Collections$EmptyList::size (2 bytes)
Event: 22.890 Thread 0x0000000015634000 nmethod 4050 0x0000000002ae3550 code [0x0000000002ae36a0, 0x0000000002ae37b0]
Event: 22.891 Thread 0x0000000015634000 4051   !   2       java.lang.invoke.MemberName$Factory::resolve (145 bytes)
Event: 22.893 Thread 0x0000000015634000 nmethod 4051 0x0000000002ae3810 code [0x0000000002ae39c0, 0x0000000002ae3d68]
Event: 22.903 Thread 0x0000000015634000 4052       2       com.google.common.collect.LinkedHashMultimap$ValueEntry::<init> (18 bytes)
Event: 22.903 Thread 0x0000000015634000 nmethod 4052 0x0000000002ae4110 code [0x0000000002ae4260, 0x0000000002ae43f0]
Event: 22.906 Thread 0x0000000015634000 4053       2       com.google.common.cache.LocalCache::get (21 bytes)
Event: 22.907 Thread 0x0000000015634000 nmethod 4053 0x0000000002ae4490 code [0x0000000002ae4620, 0x0000000002ae48f8]
Event: 22.936 Thread 0x0000000015634000 4054       1       java.util.Collections::emptyList (4 bytes)
Event: 22.937 Thread 0x0000000015634000 nmethod 4054 0x0000000002ae4bd0 code [0x0000000002ae4d20, 0x0000000002ae4e10]

GC Heap History (10 events):
Event: 8.385 GC heap before
{Heap before GC invocations=7 (full 0):
 PSYoungGen      total 68608K, used 28479K [0x00000000e0000000, 0x00000000e4c00000, 0x0000000100000000)
  eden space 62464K, 35% used [0x00000000e0000000,0x00000000e15d0b68,0x00000000e3d00000)
  from space 6144K, 99% used [0x00000000e4400000,0x00000000e49ff1f0,0x00000000e4a00000)
  to   space 7168K, 0% used [0x00000000e3d00000,0x00000000e3d00000,0x00000000e4400000)
 ParOldGen       total 42496K, used 6303K [0x00000000a0000000, 0x00000000a2980000, 0x00000000e0000000)
  object space 42496K, 14% used [0x00000000a0000000,0x00000000a0627ca8,0x00000000a2980000)
 Metaspace       used 20876K, capacity 21244K, committed 21248K, reserved 1067008K
  class space    used 2926K, capacity 3072K, committed 3072K, reserved 1048576K
Event: 8.409 GC heap after
Heap after GC invocations=7 (full 0):
 PSYoungGen      total 69632K, used 6368K [0x00000000e0000000, 0x00000000e8a00000, 0x0000000100000000)
  eden space 62464K, 0% used [0x00000000e0000000,0x00000000e0000000,0x00000000e3d00000)
  from space 7168K, 88% used [0x00000000e3d00000,0x00000000e43383c8,0x00000000e4400000)
  to   space 8192K, 0% used [0x00000000e8200000,0x00000000e8200000,0x00000000e8a00000)
 ParOldGen       total 42496K, used 7059K [0x00000000a0000000, 0x00000000a2980000, 0x00000000e0000000)
  object space 42496K, 16% used [0x00000000a0000000,0x00000000a06e4cf8,0x00000000a2980000)
 Metaspace       used 20876K, capacity 21244K, committed 21248K, reserved 1067008K
  class space    used 2926K, capacity 3072K, committed 3072K, reserved 1048576K
}
Event: 8.409 GC heap before
{Heap before GC invocations=8 (full 1):
 PSYoungGen      total 69632K, used 6368K [0x00000000e0000000, 0x00000000e8a00000, 0x0000000100000000)
  eden space 62464K, 0% used [0x00000000e0000000,0x00000000e0000000,0x00000000e3d00000)
  from space 7168K, 88% used [0x00000000e3d00000,0x00000000e43383c8,0x00000000e4400000)
  to   space 8192K, 0% used [0x00000000e8200000,0x00000000e8200000,0x00000000e8a00000)
 ParOldGen       total 42496K, used 7059K [0x00000000a0000000, 0x00000000a2980000, 0x00000000e0000000)
  object space 42496K, 16% used [0x00000000a0000000,0x00000000a06e4cf8,0x00000000a2980000)
 Metaspace       used 20876K, capacity 21244K, committed 21248K, reserved 1067008K
  class space    used 2926K, capacity 3072K, committed 3072K, reserved 1048576K
Event: 8.536 GC heap after
Heap after GC invocations=8 (full 1):
 PSYoungGen      total 69632K, used 0K [0x00000000e0000000, 0x00000000e8a00000, 0x0000000100000000)
  eden space 62464K, 0% used [0x00000000e0000000,0x00000000e0000000,0x00000000e3d00000)
  from space 7168K, 0% used [0x00000000e3d00000,0x00000000e3d00000,0x00000000e4400000)
  to   space 8192K, 0% used [0x00000000e8200000,0x00000000e8200000,0x00000000e8a00000)
 ParOldGen       total 37888K, used 10950K [0x00000000a0000000, 0x00000000a2500000, 0x00000000e0000000)
  object space 37888K, 28% used [0x00000000a0000000,0x00000000a0ab1bc8,0x00000000a2500000)
 Metaspace       used 20876K, capacity 21244K, committed 21248K, reserved 1067008K
  class space    used 2926K, capacity 3072K, committed 3072K, reserved 1048576K
}
Event: 11.889 GC heap before
{Heap before GC invocations=9 (full 1):
 PSYoungGen      total 69632K, used 62464K [0x00000000e0000000, 0x00000000e8a00000, 0x0000000100000000)
  eden space 62464K, 100% used [0x00000000e0000000,0x00000000e3d00000,0x00000000e3d00000)
  from space 7168K, 0% used [0x00000000e3d00000,0x00000000e3d00000,0x00000000e4400000)
  to   space 8192K, 0% used [0x00000000e8200000,0x00000000e8200000,0x00000000e8a00000)
 ParOldGen       total 37888K, used 10950K [0x00000000a0000000, 0x00000000a2500000, 0x00000000e0000000)
  object space 37888K, 28% used [0x00000000a0000000,0x00000000a0ab1bc8,0x00000000a2500000)
 Metaspace       used 26559K, capacity 26966K, committed 27136K, reserved 1073152K
  class space    used 3637K, capacity 3797K, committed 3840K, reserved 1048576K
Event: 12.741 GC heap after
Heap after GC invocations=9 (full 1):
 PSYoungGen      total 120320K, used 6761K [0x00000000e0000000, 0x00000000e8900000, 0x0000000100000000)
  eden space 113152K, 0% used [0x00000000e0000000,0x00000000e0000000,0x00000000e6e80000)
  from space 7168K, 94% used [0x00000000e8200000,0x00000000e889a768,0x00000000e8900000)
  to   space 8704K, 0% used [0x00000000e7800000,0x00000000e7800000,0x00000000e8080000)
 ParOldGen       total 37888K, used 10958K [0x00000000a0000000, 0x00000000a2500000, 0x00000000e0000000)
  object space 37888K, 28% used [0x00000000a0000000,0x00000000a0ab3bc8,0x00000000a2500000)
 Metaspace       used 26559K, capacity 26966K, committed 27136K, reserved 1073152K
  class space    used 3637K, capacity 3797K, committed 3840K, reserved 1048576K
}
Event: 18.737 GC heap before
{Heap before GC invocations=10 (full 1):
 PSYoungGen      total 120320K, used 109491K [0x00000000e0000000, 0x00000000e8900000, 0x0000000100000000)
  eden space 113152K, 90% used [0x00000000e0000000,0x00000000e6452788,0x00000000e6e80000)
  from space 7168K, 94% used [0x00000000e8200000,0x00000000e889a768,0x00000000e8900000)
  to   space 8704K, 0% used [0x00000000e7800000,0x00000000e7800000,0x00000000e8080000)
 ParOldGen       total 37888K, used 10958K [0x00000000a0000000, 0x00000000a2500000, 0x00000000e0000000)
  object space 37888K, 28% used [0x00000000a0000000,0x00000000a0ab3bc8,0x00000000a2500000)
 Metaspace       used 34670K, capacity 35316K, committed 35416K, reserved 1079296K
  class space    used 4803K, capacity 5048K, committed 5120K, reserved 1048576K
Event: 18.784 GC heap after
Heap after GC invocations=10 (full 1):
 PSYoungGen      total 131584K, used 8690K [0x00000000e0000000, 0x00000000eb880000, 0x0000000100000000)
  eden space 122880K, 0% used [0x00000000e0000000,0x00000000e0000000,0x00000000e7800000)
  from space 8704K, 99% used [0x00000000e7800000,0x00000000e807c908,0x00000000e8080000)
  to   space 11776K, 0% used [0x00000000ead00000,0x00000000ead00000,0x00000000eb880000)
 ParOldGen       total 37888K, used 15237K [0x00000000a0000000, 0x00000000a2500000, 0x00000000e0000000)
  object space 37888K, 40% used [0x00000000a0000000,0x00000000a0ee1500,0x00000000a2500000)
 Metaspace       used 34670K, capacity 35316K, committed 35416K, reserved 1079296K
  class space    used 4803K, capacity 5048K, committed 5120K, reserved 1048576K
}
Event: 18.784 GC heap before
{Heap before GC invocations=11 (full 2):
 PSYoungGen      total 131584K, used 8690K [0x00000000e0000000, 0x00000000eb880000, 0x0000000100000000)
  eden space 122880K, 0% used [0x00000000e0000000,0x00000000e0000000,0x00000000e7800000)
  from space 8704K, 99% used [0x00000000e7800000,0x00000000e807c908,0x00000000e8080000)
  to   space 11776K, 0% used [0x00000000ead00000,0x00000000ead00000,0x00000000eb880000)
 ParOldGen       total 37888K, used 15237K [0x00000000a0000000, 0x00000000a2500000, 0x00000000e0000000)
  object space 37888K, 40% used [0x00000000a0000000,0x00000000a0ee1500,0x00000000a2500000)
 Metaspace       used 34670K, capacity 35316K, committed 35416K, reserved 1079296K
  class space    used 4803K, capacity 5048K, committed 5120K, reserved 1048576K
Event: 19.003 GC heap after
Heap after GC invocations=11 (full 2):
 PSYoungGen      total 131584K, used 0K [0x00000000e0000000, 0x00000000eb880000, 0x0000000100000000)
  eden space 122880K, 0% used [0x00000000e0000000,0x00000000e0000000,0x00000000e7800000)
  from space 8704K, 0% used [0x00000000e7800000,0x00000000e7800000,0x00000000e8080000)
  to   space 11776K, 0% used [0x00000000ead00000,0x00000000ead00000,0x00000000eb880000)
 ParOldGen       total 53760K, used 19225K [0x00000000a0000000, 0x00000000a3480000, 0x00000000e0000000)
  object space 53760K, 35% used [0x00000000a0000000,0x00000000a12c6448,0x00000000a3480000)
 Metaspace       used 34670K, capacity 35316K, committed 35416K, reserved 1079296K
  class space    used 4803K, capacity 5048K, committed 5120K, reserved 1048576K
}

Deoptimization events (10 events):
Event: 20.468 Thread 0x0000000017f07000 Uncommon trap: reason=class_check action=maybe_recompile pc=0x00000000029a368c method=com.google.common.collect.AbstractMapBasedMultimap$WrappedCollection.refreshIfEmpty()V @ 40
Event: 20.468 Thread 0x0000000017f07000 Uncommon trap: reason=class_check action=maybe_recompile pc=0x00000000029a368c method=com.google.common.collect.AbstractMapBasedMultimap$WrappedCollection.refreshIfEmpty()V @ 40
Event: 21.286 Thread 0x0000000017f07000 Uncommon trap: reason=unstable_if action=reinterpret pc=0x000000000238587c method=java.lang.CharacterDataLatin1.isWhitespace(I)Z @ 14
Event: 21.423 Thread 0x0000000017f07000 Uncommon trap: reason=unstable_if action=reinterpret pc=0x00000000023eb684 method=java.util.jar.JarFile.getInputStream(Ljava/util/zip/ZipEntry;)Ljava/io/InputStream; @ 37
Event: 21.428 Thread 0x0000000017f07000 Uncommon trap: reason=unstable_if action=reinterpret pc=0x0000000002647084 method=java.util.jar.JarFile$JarFileEntry.getCodeSigners()[Ljava/security/CodeSigner; @ 24
Event: 21.429 Thread 0x0000000017f07000 Uncommon trap: reason=unstable_if action=reinterpret pc=0x00000000020d71ec method=java.security.CodeSource.getCertificates()[Ljava/security/cert/Certificate; @ 22
Event: 21.431 Thread 0x0000000017f07000 Uncommon trap: reason=unstable_if action=reinterpret pc=0x00000000020b933c method=java.security.CodeSource.matchCerts(Ljava/security/CodeSource;Z)Z @ 11
Event: 21.485 Thread 0x0000000017f07000 Uncommon trap: reason=unstable_if action=reinterpret pc=0x00000000028e77f8 method=java.util.LinkedHashMap.get(Ljava/lang/Object;)Ljava/lang/Object; @ 20
Event: 21.671 Thread 0x0000000017f07000 Uncommon trap: reason=unstable_if action=reinterpret pc=0x0000000002093274 method=org.objectweb.asm.ByteVector.putUTF8(Ljava/lang/String;)Lorg/objectweb/asm/ByteVector; @ 91
Event: 21.916 Thread 0x0000000017f07000 Uncommon trap: reason=unstable_if action=reinterpret pc=0x00000000026ddab0 method=org.objectweb.asm.ByteVector.putUTF8(Ljava/lang/String;)Lorg/objectweb/asm/ByteVector; @ 91

Classes redefined (0 events):
No events

Internal exceptions (10 events):
Event: 21.959 Thread 0x0000000017f07000 Exception <a 'java/lang/ClassNotFoundException': com/android/build/gradle/internal/api/DefaultAndroidSourceSetCustomizer> (0x00000000e5012e20) thrown at [D:\src\AOSP-openjdk-cygwin\jdk8u\hotspot\src\share\vm\classfile\systemDictionary.cpp, line 210]
Event: 21.965 Thread 0x0000000017f07000 Exception <a 'java/lang/ClassNotFoundException': com/android/build/gradle/internal/api/DefaultAndroidSourceSet_DecoratedCustomizer> (0x00000000e50864d0) thrown at [D:\src\AOSP-openjdk-cygwin\jdk8u\hotspot\src\share\vm\classfile\systemDictionary.cpp, line 
Event: 22.772 Thread 0x0000000017f07000 Exception <a 'java/lang/ClassNotFoundException': com/android/build/gradle/internal/dsl/BuildType_DecoratedBeanInfo> (0x00000000e631b840) thrown at [D:\src\AOSP-openjdk-cygwin\jdk8u\hotspot\src\share\vm\classfile\systemDictionary.cpp, line 210]
Event: 22.773 Thread 0x0000000017f07000 Exception <a 'java/lang/ClassNotFoundException': com/android/build/gradle/internal/dsl/BuildTypeBeanInfo> (0x00000000e6331d50) thrown at [D:\src\AOSP-openjdk-cygwin\jdk8u\hotspot\src\share\vm\classfile\systemDictionary.cpp, line 210]
Event: 22.774 Thread 0x0000000017f07000 Exception <a 'java/lang/ClassNotFoundException': com/android/builder/core/DefaultBuildTypeBeanInfo> (0x00000000e6346a58) thrown at [D:\src\AOSP-openjdk-cygwin\jdk8u\hotspot\src\share\vm\classfile\systemDictionary.cpp, line 210]
Event: 22.775 Thread 0x0000000017f07000 Exception <a 'java/lang/ClassNotFoundException': com/android/builder/internal/BaseConfigImplBeanInfo> (0x00000000e635c870) thrown at [D:\src\AOSP-openjdk-cygwin\jdk8u\hotspot\src\share\vm\classfile\systemDictionary.cpp, line 210]
Event: 22.776 Thread 0x0000000017f07000 Exception <a 'java/lang/ClassNotFoundException': com/android/builder/internal/BaseConfigImplCustomizer> (0x00000000e6372ba8) thrown at [D:\src\AOSP-openjdk-cygwin\jdk8u\hotspot\src\share\vm\classfile\systemDictionary.cpp, line 210]
Event: 22.780 Thread 0x0000000017f07000 Exception <a 'java/lang/ClassNotFoundException': com/android/builder/core/DefaultBuildTypeCustomizer> (0x00000000e63ae288) thrown at [D:\src\AOSP-openjdk-cygwin\jdk8u\hotspot\src\share\vm\classfile\systemDictionary.cpp, line 210]
Event: 22.783 Thread 0x0000000017f07000 Exception <a 'java/lang/ClassNotFoundException': com/android/build/gradle/internal/dsl/BuildTypeCustomizer> (0x00000000e63df898) thrown at [D:\src\AOSP-openjdk-cygwin\jdk8u\hotspot\src\share\vm\classfile\systemDictionary.cpp, line 210]
Event: 22.787 Thread 0x0000000017f07000 Exception <a 'java/lang/ClassNotFoundException': com/android/build/gradle/internal/dsl/BuildType_DecoratedCustomizer> (0x00000000e6434fb0) thrown at [D:\src\AOSP-openjdk-cygwin\jdk8u\hotspot\src\share\vm\classfile\systemDictionary.cpp, line 210]

Events (10 events):
Event: 22.937 loading class org/gradle/api/Action
Event: 22.937 loading class org/gradle/api/Action done
Event: 22.939 loading class com/android/build/gradle/internal/tasks/LintCompile$ConfigAction
Event: 22.939 loading class com/android/build/gradle/internal/tasks/LintCompile$ConfigAction done
Event: 22.941 loading class com/android/build/gradle/internal/tasks/LintCompile
Event: 22.941 loading class com/android/build/gradle/internal/tasks/LintCompile done
Event: 22.943 loading class com/android/sdklib/BuildToolInfo
Event: 22.943 loading class com/android/sdklib/BuildToolInfo done
Event: 22.949 loading class org/gradle/api/tasks/OutputDirectory
Event: 22.949 loading class org/gradle/api/tasks/OutputDirectory done


Dynamic libraries:
0x00007ff7bab30000 - 0x00007ff7bab61000 	C:\Program Files\Android\Android Studio\jre\bin\java.exe
0x00007fff711a0000 - 0x00007fff71349000 	C:\Windows\SYSTEM32\ntdll.dll
0x00007fff70c60000 - 0x00007fff70d9a000 	C:\Windows\system32\KERNEL32.DLL
0x00007fff6e820000 - 0x00007fff6e92f000 	C:\Windows\system32\KERNELBASE.dll
0x00007fff6f3f0000 - 0x00007fff6f495000 	C:\Windows\system32\ADVAPI32.dll
0x00007fff70ae0000 - 0x00007fff70c51000 	C:\Windows\system32\USER32.dll
0x00007fff6c140000 - 0x00007fff6c39a000 	C:\Windows\WinSxS\amd64_microsoft.windows.common-controls_6595b64144ccf1df_6.0.9600.16384_none_62475f7becb72503\COMCTL32.dll
0x00007fff70eb0000 - 0x00007fff70f57000 	C:\Windows\system32\msvcrt.dll
0x00007fff6f4b0000 - 0x00007fff6f507000 	C:\Windows\SYSTEM32\sechost.dll
0x00007fff71040000 - 0x00007fff71176000 	C:\Windows\system32\RPCRT4.dll
0x00007fff6ec10000 - 0x00007fff6ed55000 	C:\Windows\system32\GDI32.dll
0x00007fff70f60000 - 0x00007fff70f94000 	C:\Windows\system32\IMM32.DLL
0x00007fff6f1f0000 - 0x00007fff6f329000 	C:\Windows\system32\MSCTF.dll
0x0000000069010000 - 0x00000000690e2000 	C:\Program Files\Android\Android Studio\jre\jre\bin\msvcr100.dll
0x00000000691d0000 - 0x0000000069a11000 	C:\Program Files\Android\Android Studio\jre\jre\bin\server\jvm.dll
0x00007fff66500000 - 0x00007fff66509000 	C:\Windows\SYSTEM32\WSOCK32.dll
0x00007fff5b1d0000 - 0x00007fff5b1ef000 	C:\Windows\SYSTEM32\WINMM.dll
0x00007fff63570000 - 0x00007fff6357a000 	C:\Windows\SYSTEM32\VERSION.dll
0x00007fff6f510000 - 0x00007fff6f517000 	C:\Windows\system32\PSAPI.DLL
0x00007fff6f390000 - 0x00007fff6f3e8000 	C:\Windows\system32\WS2_32.dll
0x00007fff5b1a0000 - 0x00007fff5b1ca000 	C:\Windows\SYSTEM32\WINMMBASE.dll
0x00007fff6f520000 - 0x00007fff6f529000 	C:\Windows\system32\NSI.dll
0x00007fff6e930000 - 0x00007fff6e97a000 	C:\Windows\SYSTEM32\cfgmgr32.dll
0x00007fff6d3a0000 - 0x00007fff6d3c6000 	C:\Windows\SYSTEM32\DEVOBJ.dll
0x00007fff664f0000 - 0x00007fff664ff000 	C:\Program Files\Android\Android Studio\jre\jre\bin\verify.dll
0x00007fff66200000 - 0x00007fff66229000 	C:\Program Files\Android\Android Studio\jre\jre\bin\java.dll
0x00007fff664d0000 - 0x00007fff664e6000 	C:\Program Files\Android\Android Studio\jre\jre\bin\zip.dll
0x00007fff6f6d0000 - 0x00007fff70ade000 	C:\Windows\system32\SHELL32.dll
0x00007fff6f000000 - 0x00007fff6f1d7000 	C:\Windows\SYSTEM32\combase.dll
0x00007fff6ea30000 - 0x00007fff6ea81000 	C:\Windows\system32\SHLWAPI.dll
0x00007fff6cb70000 - 0x00007fff6cc11000 	C:\Windows\SYSTEM32\SHCORE.dll
0x00007fff6e520000 - 0x00007fff6e534000 	C:\Windows\SYSTEM32\profapi.dll
0x00007fff661e0000 - 0x00007fff661fa000 	C:\Program Files\Android\Android Studio\jre\jre\bin\net.dll
0x00007fff6dd80000 - 0x00007fff6ddd8000 	C:\Windows\system32\mswsock.dll
0x00007fff661c0000 - 0x00007fff661d1000 	C:\Program Files\Android\Android Studio\jre\jre\bin\nio.dll
0x00007fff625a0000 - 0x00007fff625be000 	C:\Users\user\.gradle\native\25\windows-amd64\native-platform.dll
0x00007fff661b0000 - 0x00007fff661bd000 	C:\Program Files\Android\Android Studio\jre\jre\bin\management.dll
0x00007fff6dde0000 - 0x00007fff6ddfe000 	C:\Windows\SYSTEM32\CRYPTSP.dll
0x00007fff6da20000 - 0x00007fff6da55000 	C:\Windows\system32\rsaenh.dll
0x00007fff6e010000 - 0x00007fff6e036000 	C:\Windows\SYSTEM32\bcrypt.dll
0x00007fff6db30000 - 0x00007fff6db4f000 	C:\Windows\SYSTEM32\USERENV.dll
0x00007fff6e330000 - 0x00007fff6e38e000 	C:\Windows\system32\bcryptprimitives.dll
0x00007fff6e490000 - 0x00007fff6e49a000 	C:\Windows\SYSTEM32\CRYPTBASE.dll
0x00007fff68bc0000 - 0x00007fff68be9000 	C:\Windows\SYSTEM32\IPHLPAPI.DLL
0x00007fff68ba0000 - 0x00007fff68baa000 	C:\Windows\SYSTEM32\WINNSI.DLL
0x00007fff686a0000 - 0x00007fff686b4000 	C:\Windows\SYSTEM32\dhcpcsvc6.DLL
0x00007fff686c0000 - 0x00007fff686d9000 	C:\Windows\SYSTEM32\dhcpcsvc.DLL

VM Arguments:
jvm_args: -Xmx1536m -Dfile.encoding=windows-1252 -Duser.country=US -Duser.language=en -Duser.variant 
java_command: org.gradle.launcher.daemon.bootstrap.GradleDaemon 4.6
java_class_path (initial): C:\Users\user\.gradle\wrapper\dists\gradle-4.6-all\bcst21l2brirad8k2ben1letg\gradle-4.6\lib\gradle-launcher-4.6.jar
Launcher Type: SUN_STANDARD

Environment Variables:
PATH=C:\Program Files (x86)\Common Files\Oracle\Java\javapath;C:\Windows\system32;C:\Windows;C:\Windows\System32\Wbem;C:\Windows\System32\WindowsPowerShell\v1.0\
USERNAME=user
OS=Windows_NT
PROCESSOR_IDENTIFIER=Intel64 Family 6 Model 76 Stepping 4, GenuineIntel



---------------  S Y S T E M  ---------------

OS: Windows 8.1 , 64 bit Build 9600 (6.3.9600.16384)

CPU:total 2 (initial active 2) (2 cores per cpu, 1 threads per core) family 6 model 76 stepping 4, cmov, cx8, fxsr, mmx, sse, sse2, sse3, ssse3, sse4.1, sse4.2, popcnt, aes, clmul, erms, 3dnowpref, tsc, tscinvbit

Memory: 4k page, physical 4037340k(599764k free), swap 4542716k(5152k free)

vm_info: OpenJDK 64-Bit Server VM (25.152-b06) for windows-amd64 JRE (1.8.0_152-release-1136-b06), built by "builder" with MS VC++ 10.0 (VS2010)

time: Fri Oct 18 15:38:06 2019
elapsed time: 22 seconds (0d 0h 0m 22s)

